2021-05-10 16:51:36,035 INFO (SpringApplication.java:652)- The following profiles are active: common,dev
2021-05-10 16:51:53,663 DEBUG (RequestAttributeHystrixConcurrencyStrategy.java:74)- Current Hystrix plugins configuration is [concurrencyStrategy [com.netflix.hystrix.strategy.concurrency.HystrixConcurrencyStrategyDefault@393d8b65],eventNotifier [com.netflix.hystrix.strategy.eventnotifier.HystrixEventNotifierDefault@5f918c5],metricPublisher [io.micrometer.core.instrument.binder.hystrix.MicrometerMetricsPublisher@3856ebe6],propertiesStrategy [com.netflix.hystrix.strategy.properties.HystrixPropertiesStrategyDefault@6a87e6a6],]
2021-05-10 16:51:53,663 DEBUG (RequestAttributeHystrixConcurrencyStrategy.java:78)- Registering Sleuth Hystrix Concurrency Strategy.
2021-05-10 16:52:08,499 INFO (StartupInfoLogger.java:59)- Started CoreApplication in 52.163 seconds (JVM running for 59.607)
2021-05-10 16:54:54,920 DEBUG (BaseJdbcLogger.java:159)- ==>  Preparing: SELECT r.id,r.rysfz,r.ryxm,r.rygh,r.xb,r.sjhm,r.dzyx,r.xzdz,r.ryzc, r.ryzw,r.whcd,r.dlmm,r.jgbm,r.jlzt,r.czr,r.czsj,r.tbbz,r.sffzr, r.gwxs,r.sfzb,r.sflh,T1.ksbm from SYS_CZRY r LEFT JOIN sys_zcjg j on r.jgbm = j.jgbm LEFT JOIN ( SELECT GROUP_CONCAT( jg.jgbm ) AS ksbm,ryid FROM sys_ryjg ks inner join sys_zcjg jg on ks.jgid=jg.id GROUP BY ks.ryid ) T1 on T1.ryid=r.id where r.rygh=? LIMIT 1 
2021-05-10 16:54:55,023 DEBUG (BaseJdbcLogger.java:159)- ==> Parameters: admin(String)
2021-05-10 16:54:55,113 DEBUG (BaseJdbcLogger.java:159)- <==      Total: 1
2021-05-10 16:54:56,035 DEBUG (BaseJdbcLogger.java:159)- ==>  Preparing: SELECT count(0) FROM qyjx_khwj_mb WHERE mbslid IS NULL AND zt = ? 
2021-05-10 16:54:56,036 DEBUG (BaseJdbcLogger.java:159)- ==> Parameters: 1(String)
2021-05-10 16:54:56,052 DEBUG (BaseJdbcLogger.java:159)- <==      Total: 1
2021-05-10 16:54:56,055 DEBUG (BaseJdbcLogger.java:159)- ==>  Preparing: select id,mbbh,mbmc,mbfbt,mbxsfs,mblx,mbfj,cjr,cjsj,gxr,gxsj,zt from qyjx_khwj_mb WHERE mbslid is null AND zt = ? LIMIT ? 
2021-05-10 16:54:56,056 DEBUG (BaseJdbcLogger.java:159)- ==> Parameters: 1(String), 20(Integer)
2021-05-10 16:54:56,368 DEBUG (BaseJdbcLogger.java:159)- <==      Total: 11
2021-05-10 16:55:01,467 DEBUG (BaseJdbcLogger.java:159)- ==>  Preparing: SELECT count(0) FROM qyjx_khwj_mbfl fl, qyjx_khwj_fltmgl ftg, qyjx_khwj_tm tm WHERE fl.id = ftg.mbflid AND ftg.tmid = tm.id AND fl.mbid = ? 
2021-05-10 16:55:01,468 DEBUG (BaseJdbcLogger.java:159)- ==> Parameters: 0(Integer)
2021-05-10 16:55:01,494 DEBUG (BaseJdbcLogger.java:159)- <==      Total: 1
2021-05-10 16:55:01,496 DEBUG (BaseJdbcLogger.java:159)- ==>  Preparing: SELECT count(0) FROM qyjx_khwj_mbfl fl, qyjx_khwj_fltmgl ftg, qyjx_khwj_tm tm WHERE fl.id = ftg.mbflid AND ftg.tmid = tm.id AND fl.mbid = ? 
2021-05-10 16:55:01,497 DEBUG (BaseJdbcLogger.java:159)- ==> Parameters: 183(Integer)
2021-05-10 16:55:01,514 DEBUG (BaseJdbcLogger.java:159)- <==      Total: 1
2021-05-10 16:55:01,515 DEBUG (BaseJdbcLogger.java:159)- ==>  Preparing: select ftg.id,ftg.mbflid,ftg.tmid,ftg.tmsx,ftg.tmdaly,ftg.tmdagsmc,ftg.tmdagsbm,ftg.tkzsfwdf,ftg.tmsffs,ftg.tmsffffl,ftg.tmsfbdsms,tm.tmbm,tm.tmmc,tm.tmlx,fl.mbflmc from qyjx_khwj_mbfl fl,qyjx_khwj_fltmgl ftg,qyjx_khwj_tm tm WHERE fl.id=ftg.mbflid and ftg.tmid=tm.id and fl.mbid = ? order by fl.mbflsx asc,ftg.tmsx asc LIMIT ? 
2021-05-10 16:55:01,516 DEBUG (BaseJdbcLogger.java:159)- ==> Parameters: 183(Integer), 20(Integer)
2021-05-10 16:55:01,535 DEBUG (BaseJdbcLogger.java:159)- <==      Total: 3
2021-05-10 16:55:05,955 DEBUG (BaseJdbcLogger.java:159)- ==>  Preparing: select id,fltmglid,sfgsmc,sfgsbm,xh,fdksz,fdksjsf,fdjsz,fdjsjsf,dfz from qyjx_khwj_pfgs WHERE fltmglid=? order by xh asc 
2021-05-10 16:55:05,957 DEBUG (BaseJdbcLogger.java:159)- ==> Parameters: 1085(Integer)
2021-05-10 16:55:05,957 DEBUG (BaseJdbcLogger.java:159)- ==>  Preparing: select xfz.id,? fltmglid, IFNULL(xfz.tmxxid,tx.id) tmxxid,IFNULL(xfz.xxfz,0) xxfz,tx.xxnr from qyjx_khwj_fltmgl ftg INNER JOIN qyjx_khwj_tmxx tx on tx.tmid =ftg.tmid LEFT JOIN qyjx_khwj_xxfsz xfz on xfz.fltmglid = ftg.id and xfz.tmxxid=tx.id where ftg.id=? ORDER BY tx.xxsx asc 
2021-05-10 16:55:05,959 DEBUG (BaseJdbcLogger.java:159)- ==> Parameters: 1085(Integer), 1085(Integer)
2021-05-10 16:55:05,972 DEBUG (BaseJdbcLogger.java:159)- <==      Total: 1
2021-05-10 16:55:05,978 DEBUG (BaseJdbcLogger.java:159)- <==      Total: 0
2021-05-10 16:55:19,061 DEBUG (BaseJdbcLogger.java:159)- ==>  Preparing: DELETE gs from qyjx_khwj_pfgs gs where gs.fltmglid=? 
2021-05-10 16:55:19,062 DEBUG (BaseJdbcLogger.java:159)- ==> Parameters: 1085(Integer)
2021-05-10 16:55:19,090 DEBUG (BaseJdbcLogger.java:159)- <==    Updates: 1
2021-05-10 16:55:36,686 DEBUG (BaseJdbcLogger.java:159)- ==>  Preparing: insert into qyjx_khwj_pfgs(fltmglid,sfgsmc,sfgsbm,xh,fdksz,fdksjsf,fdjsz,fdjsjsf,dfz) values (?,?,?,?,?,?,?,?,?) 
2021-05-10 16:55:36,687 DEBUG (BaseJdbcLogger.java:159)- ==> Parameters: 1085(Integer), null, null, 1(Integer), 0(BigDecimal), GTEQ(String), 10(BigDecimal), LT(String), 1(BigDecimal)
2021-05-10 16:55:37,017 DEBUG (BaseJdbcLogger.java:159)- <==    Updates: 1
2021-05-10 16:55:39,206 DEBUG (BaseJdbcLogger.java:159)- ==>  Preparing: select id,fltmglid,sfgsmc,sfgsbm,xh,fdksz,fdksjsf,fdjsz,fdjsjsf,dfz from qyjx_khwj_pfgs WHERE fltmglid=? order by xh asc 
2021-05-10 16:55:39,208 DEBUG (BaseJdbcLogger.java:159)- ==> Parameters: 1085(Integer)
2021-05-10 16:55:39,224 DEBUG (BaseJdbcLogger.java:159)- <==      Total: 1
2021-05-10 16:56:09,894 DEBUG (BaseJdbcLogger.java:159)- ==>  Preparing: DELETE gs from qyjx_khwj_pfgs gs where gs.fltmglid=? 
2021-05-10 16:56:09,895 DEBUG (BaseJdbcLogger.java:159)- ==> Parameters: 1085(Integer)
2021-05-10 16:56:09,921 DEBUG (BaseJdbcLogger.java:159)- <==    Updates: 1
2021-05-10 16:56:13,666 DEBUG (BaseJdbcLogger.java:159)- ==>  Preparing: insert into qyjx_khwj_pfgs(fltmglid,sfgsmc,sfgsbm,xh,fdksz,fdksjsf,fdjsz,fdjsjsf,dfz) values (?,?,?,?,?,?,?,?,?) 
2021-05-10 16:56:13,668 DEBUG (BaseJdbcLogger.java:159)- ==> Parameters: 1085(Integer), null, null, 1(Integer), 0(BigDecimal), GTEQ(String), 100(BigDecimal), LT(String), 1000(BigDecimal)
2021-05-10 16:56:13,738 DEBUG (BaseJdbcLogger.java:159)- <==    Updates: 1
2021-05-10 16:56:15,314 DEBUG (BaseJdbcLogger.java:159)- ==>  Preparing: select id,fltmglid,sfgsmc,sfgsbm,xh,fdksz,fdksjsf,fdjsz,fdjsjsf,dfz from qyjx_khwj_pfgs WHERE fltmglid=? order by xh asc 
2021-05-10 16:56:15,316 DEBUG (BaseJdbcLogger.java:159)- ==> Parameters: 1085(Integer)
2021-05-10 16:56:15,341 DEBUG (BaseJdbcLogger.java:159)- <==      Total: 1
2021-05-10 16:56:15,478 DEBUG (BaseJdbcLogger.java:159)- ==>  Preparing: select id,fltmglid,sfgsmc,sfgsbm,xh,fdksz,fdksjsf,fdjsz,fdjsjsf,dfz from qyjx_khwj_pfgs WHERE fltmglid=? order by xh asc 
2021-05-10 16:56:15,479 DEBUG (BaseJdbcLogger.java:159)- ==> Parameters: 1085(Integer)
2021-05-10 16:56:15,511 DEBUG (BaseJdbcLogger.java:159)- ==>  Preparing: select xfz.id,? fltmglid, IFNULL(xfz.tmxxid,tx.id) tmxxid,IFNULL(xfz.xxfz,0) xxfz,tx.xxnr from qyjx_khwj_fltmgl ftg INNER JOIN qyjx_khwj_tmxx tx on tx.tmid =ftg.tmid LEFT JOIN qyjx_khwj_xxfsz xfz on xfz.fltmglid = ftg.id and xfz.tmxxid=tx.id where ftg.id=? ORDER BY tx.xxsx asc 
2021-05-10 16:56:15,512 DEBUG (BaseJdbcLogger.java:159)- <==      Total: 1
2021-05-10 16:56:15,513 DEBUG (BaseJdbcLogger.java:159)- ==> Parameters: 1085(Integer), 1085(Integer)
2021-05-10 16:56:15,545 DEBUG (BaseJdbcLogger.java:159)- ==>  Preparing: update qyjx_khwj_fltmgl gl set mbflid= ?,tmid= ?,tmsx= ?,tmdaly= ?,tmdagsmc= ?,tmdagsbm= ?,tkzsfwdf= ?,tmsffs= ?,tmsffffl= ?,tmsfbdsms= ? where id = ? 
2021-05-10 16:56:15,546 DEBUG (BaseJdbcLogger.java:159)- <==      Total: 0
2021-05-10 16:56:15,546 DEBUG (BaseJdbcLogger.java:159)- ==> Parameters: 339(Integer), 49(Integer), 1(Integer), 2(String),  {填空分子}+{填空分母}(String), ({20210429002})+({20210429003})(String), 0(String), 1(String), 2(String), null, 1085(Integer)
2021-05-10 16:56:15,615 DEBUG (BaseJdbcLogger.java:159)- <==    Updates: 1
2021-05-10 16:56:35,617 DEBUG (BaseJdbcLogger.java:159)- ==>  Preparing: SELECT r.id,r.rysfz,r.ryxm,r.rygh,r.xb,r.sjhm,r.dzyx,r.xzdz,r.ryzc, r.ryzw,r.whcd,r.dlmm,r.jgbm,r.jlzt,r.czr,r.czsj,r.tbbz,r.sffzr, r.gwxs,r.sfzb,r.sflh,T1.ksbm from SYS_CZRY r LEFT JOIN sys_zcjg j on r.jgbm = j.jgbm LEFT JOIN ( SELECT GROUP_CONCAT( jg.jgbm ) AS ksbm,ryid FROM sys_ryjg ks inner join sys_zcjg jg on ks.jgid=jg.id GROUP BY ks.ryid ) T1 on T1.ryid=r.id where r.rygh=? LIMIT 1 
2021-05-10 16:56:35,618 DEBUG (BaseJdbcLogger.java:159)- ==> Parameters: admin(String)
2021-05-10 16:56:35,652 DEBUG (BaseJdbcLogger.java:159)- <==      Total: 1
2021-05-10 16:56:36,108 DEBUG (BaseJdbcLogger.java:159)- ==>  Preparing: SELECT count(0) FROM qyjx_khwj_mb WHERE mbslid IS NULL AND zt = ? 
2021-05-10 16:56:36,116 DEBUG (BaseJdbcLogger.java:159)- ==> Parameters: 1(String)
2021-05-10 16:56:36,135 DEBUG (BaseJdbcLogger.java:159)- <==      Total: 1
2021-05-10 16:56:36,136 DEBUG (BaseJdbcLogger.java:159)- ==>  Preparing: select id,mbbh,mbmc,mbfbt,mbxsfs,mblx,mbfj,cjr,cjsj,gxr,gxsj,zt from qyjx_khwj_mb WHERE mbslid is null AND zt = ? LIMIT ? 
2021-05-10 16:56:36,137 DEBUG (BaseJdbcLogger.java:159)- ==> Parameters: 1(String), 20(Integer)
2021-05-10 16:56:36,159 DEBUG (BaseJdbcLogger.java:159)- <==      Total: 11
2021-05-10 16:56:40,011 DEBUG (BaseJdbcLogger.java:159)- ==>  Preparing: SELECT count(0) FROM qyjx_khwj_mbfl fl, qyjx_khwj_fltmgl ftg, qyjx_khwj_tm tm WHERE fl.id = ftg.mbflid AND ftg.tmid = tm.id AND fl.mbid = ? 
2021-05-10 16:56:40,012 DEBUG (BaseJdbcLogger.java:159)- ==> Parameters: 0(Integer)
2021-05-10 16:56:40,028 DEBUG (BaseJdbcLogger.java:159)- ==>  Preparing: SELECT count(0) FROM qyjx_khwj_mbfl fl, qyjx_khwj_fltmgl ftg, qyjx_khwj_tm tm WHERE fl.id = ftg.mbflid AND ftg.tmid = tm.id AND fl.mbid = ? 
2021-05-10 16:56:40,029 DEBUG (BaseJdbcLogger.java:159)- <==      Total: 1
2021-05-10 16:56:40,029 DEBUG (BaseJdbcLogger.java:159)- ==> Parameters: 183(Integer)
2021-05-10 16:56:40,043 DEBUG (BaseJdbcLogger.java:159)- <==      Total: 1
2021-05-10 16:56:40,044 DEBUG (BaseJdbcLogger.java:159)- ==>  Preparing: select ftg.id,ftg.mbflid,ftg.tmid,ftg.tmsx,ftg.tmdaly,ftg.tmdagsmc,ftg.tmdagsbm,ftg.tkzsfwdf,ftg.tmsffs,ftg.tmsffffl,ftg.tmsfbdsms,tm.tmbm,tm.tmmc,tm.tmlx,fl.mbflmc from qyjx_khwj_mbfl fl,qyjx_khwj_fltmgl ftg,qyjx_khwj_tm tm WHERE fl.id=ftg.mbflid and ftg.tmid=tm.id and fl.mbid = ? order by fl.mbflsx asc,ftg.tmsx asc LIMIT ? 
2021-05-10 16:56:40,044 DEBUG (BaseJdbcLogger.java:159)- ==> Parameters: 183(Integer), 20(Integer)
2021-05-10 16:56:40,063 DEBUG (BaseJdbcLogger.java:159)- <==      Total: 3
2021-05-10 16:56:45,659 DEBUG (BaseJdbcLogger.java:159)- ==>  Preparing: select id,fltmglid,sfgsmc,sfgsbm,xh,fdksz,fdksjsf,fdjsz,fdjsjsf,dfz from qyjx_khwj_pfgs WHERE fltmglid=? order by xh asc 
2021-05-10 16:56:45,660 DEBUG (BaseJdbcLogger.java:159)- ==> Parameters: 1085(Integer)
2021-05-10 16:56:45,661 DEBUG (BaseJdbcLogger.java:159)- ==>  Preparing: select xfz.id,? fltmglid, IFNULL(xfz.tmxxid,tx.id) tmxxid,IFNULL(xfz.xxfz,0) xxfz,tx.xxnr from qyjx_khwj_fltmgl ftg INNER JOIN qyjx_khwj_tmxx tx on tx.tmid =ftg.tmid LEFT JOIN qyjx_khwj_xxfsz xfz on xfz.fltmglid = ftg.id and xfz.tmxxid=tx.id where ftg.id=? ORDER BY tx.xxsx asc 
2021-05-10 16:56:45,661 DEBUG (BaseJdbcLogger.java:159)- ==> Parameters: 1085(Integer), 1085(Integer)
2021-05-10 16:56:45,676 DEBUG (BaseJdbcLogger.java:159)- <==      Total: 0
2021-05-10 16:56:45,680 DEBUG (BaseJdbcLogger.java:159)- <==      Total: 1
2021-05-10 16:59:14,236 DEBUG (BaseJdbcLogger.java:159)- ==>  Preparing: SELECT count(0) FROM qyjx_khwj_mbfl fl, qyjx_khwj_fltmgl ftg, qyjx_khwj_tm tm WHERE fl.id = ftg.mbflid AND ftg.tmid = tm.id AND fl.mbid = ? 
2021-05-10 16:59:14,237 DEBUG (BaseJdbcLogger.java:159)- ==> Parameters: 183(Integer)
2021-05-10 16:59:14,264 DEBUG (BaseJdbcLogger.java:159)- <==      Total: 1
2021-05-10 16:59:14,265 DEBUG (BaseJdbcLogger.java:159)- ==>  Preparing: select ftg.id,ftg.mbflid,ftg.tmid,ftg.tmsx,ftg.tmdaly,ftg.tmdagsmc,ftg.tmdagsbm,ftg.tkzsfwdf,ftg.tmsffs,ftg.tmsffffl,ftg.tmsfbdsms,tm.tmbm,tm.tmmc,tm.tmlx,fl.mbflmc from qyjx_khwj_mbfl fl,qyjx_khwj_fltmgl ftg,qyjx_khwj_tm tm WHERE fl.id=ftg.mbflid and ftg.tmid=tm.id and fl.mbid = ? order by fl.mbflsx asc,ftg.tmsx asc LIMIT ? 
2021-05-10 16:59:14,265 DEBUG (BaseJdbcLogger.java:159)- ==> Parameters: 183(Integer), 20(Integer)
2021-05-10 16:59:14,285 DEBUG (BaseJdbcLogger.java:159)- <==      Total: 3
2021-05-10 16:59:19,385 DEBUG (BaseJdbcLogger.java:159)- ==>  Preparing: SELECT count(0) FROM qyjx_khwj_mbfl fl, qyjx_khwj_fltmgl ftg, qyjx_khwj_tm tm WHERE fl.id = ftg.mbflid AND ftg.tmid = tm.id AND fl.mbid = ? 
2021-05-10 16:59:19,386 DEBUG (BaseJdbcLogger.java:159)- ==> Parameters: 183(Integer)
2021-05-10 16:59:19,446 DEBUG (BaseJdbcLogger.java:159)- <==      Total: 1
2021-05-10 16:59:19,447 DEBUG (BaseJdbcLogger.java:159)- ==>  Preparing: select ftg.id,ftg.mbflid,ftg.tmid,ftg.tmsx,ftg.tmdaly,ftg.tmdagsmc,ftg.tmdagsbm,ftg.tkzsfwdf,ftg.tmsffs,ftg.tmsffffl,ftg.tmsfbdsms,tm.tmbm,tm.tmmc,tm.tmlx,fl.mbflmc from qyjx_khwj_mbfl fl,qyjx_khwj_fltmgl ftg,qyjx_khwj_tm tm WHERE fl.id=ftg.mbflid and ftg.tmid=tm.id and fl.mbid = ? order by fl.mbflsx asc,ftg.tmsx asc LIMIT ? 
2021-05-10 16:59:19,447 DEBUG (BaseJdbcLogger.java:159)- ==> Parameters: 183(Integer), 20(Integer)
2021-05-10 16:59:19,550 DEBUG (BaseJdbcLogger.java:159)- <==      Total: 3
2021-05-10 17:02:39,063 DEBUG (BaseJdbcLogger.java:159)- ==>  Preparing: select id,fltmglid,sfgsmc,sfgsbm,xh,fdksz,fdksjsf,fdjsz,fdjsjsf,dfz from qyjx_khwj_pfgs WHERE fltmglid=? order by xh asc 
2021-05-10 17:02:39,063 DEBUG (BaseJdbcLogger.java:159)- ==>  Preparing: select xfz.id,? fltmglid, IFNULL(xfz.tmxxid,tx.id) tmxxid,IFNULL(xfz.xxfz,0) xxfz,tx.xxnr from qyjx_khwj_fltmgl ftg INNER JOIN qyjx_khwj_tmxx tx on tx.tmid =ftg.tmid LEFT JOIN qyjx_khwj_xxfsz xfz on xfz.fltmglid = ftg.id and xfz.tmxxid=tx.id where ftg.id=? ORDER BY tx.xxsx asc 
2021-05-10 17:02:39,064 DEBUG (BaseJdbcLogger.java:159)- ==> Parameters: 1088(Integer), 1088(Integer)
2021-05-10 17:02:39,064 DEBUG (BaseJdbcLogger.java:159)- ==> Parameters: 1088(Integer)
2021-05-10 17:02:39,077 DEBUG (BaseJdbcLogger.java:159)- <==      Total: 0
2021-05-10 17:02:39,078 DEBUG (BaseJdbcLogger.java:159)- <==      Total: 0
2021-05-10 17:02:43,483 DEBUG (BaseJdbcLogger.java:159)- ==>  Preparing: select xfz.id,? fltmglid, IFNULL(xfz.tmxxid,tx.id) tmxxid,IFNULL(xfz.xxfz,0) xxfz,tx.xxnr from qyjx_khwj_fltmgl ftg INNER JOIN qyjx_khwj_tmxx tx on tx.tmid =ftg.tmid LEFT JOIN qyjx_khwj_xxfsz xfz on xfz.fltmglid = ftg.id and xfz.tmxxid=tx.id where ftg.id=? ORDER BY tx.xxsx asc 
2021-05-10 17:02:43,484 DEBUG (BaseJdbcLogger.java:159)- ==> Parameters: 1088(Integer), 1088(Integer)
2021-05-10 17:02:43,513 DEBUG (BaseJdbcLogger.java:159)- <==      Total: 0
2021-05-10 17:02:43,590 DEBUG (BaseJdbcLogger.java:159)- ==>  Preparing: select id,fltmglid,sfgsmc,sfgsbm,xh,fdksz,fdksjsf,fdjsz,fdjsjsf,dfz from qyjx_khwj_pfgs WHERE fltmglid=? order by xh asc 
2021-05-10 17:02:43,591 DEBUG (BaseJdbcLogger.java:159)- ==> Parameters: 1088(Integer)
2021-05-10 17:02:43,608 DEBUG (BaseJdbcLogger.java:159)- <==      Total: 0
2021-05-10 17:02:44,763 DEBUG (BaseJdbcLogger.java:159)- ==>  Preparing: select id,fltmglid,sfgsmc,sfgsbm,xh,fdksz,fdksjsf,fdjsz,fdjsjsf,dfz from qyjx_khwj_pfgs WHERE fltmglid=? order by xh asc 
2021-05-10 17:02:44,763 DEBUG (BaseJdbcLogger.java:159)- ==>  Preparing: select xfz.id,? fltmglid, IFNULL(xfz.tmxxid,tx.id) tmxxid,IFNULL(xfz.xxfz,0) xxfz,tx.xxnr from qyjx_khwj_fltmgl ftg INNER JOIN qyjx_khwj_tmxx tx on tx.tmid =ftg.tmid LEFT JOIN qyjx_khwj_xxfsz xfz on xfz.fltmglid = ftg.id and xfz.tmxxid=tx.id where ftg.id=? ORDER BY tx.xxsx asc 
2021-05-10 17:02:44,764 DEBUG (BaseJdbcLogger.java:159)- ==> Parameters: 1088(Integer)
2021-05-10 17:02:44,765 DEBUG (BaseJdbcLogger.java:159)- ==> Parameters: 1088(Integer), 1088(Integer)
2021-05-10 17:02:44,808 DEBUG (BaseJdbcLogger.java:159)- <==      Total: 0
2021-05-10 17:02:44,808 DEBUG (BaseJdbcLogger.java:159)- <==      Total: 0
2021-05-10 17:02:46,457 DEBUG (BaseJdbcLogger.java:159)- ==>  Preparing: select xfz.id,? fltmglid, IFNULL(xfz.tmxxid,tx.id) tmxxid,IFNULL(xfz.xxfz,0) xxfz,tx.xxnr from qyjx_khwj_fltmgl ftg INNER JOIN qyjx_khwj_tmxx tx on tx.tmid =ftg.tmid LEFT JOIN qyjx_khwj_xxfsz xfz on xfz.fltmglid = ftg.id and xfz.tmxxid=tx.id where ftg.id=? ORDER BY tx.xxsx asc 
2021-05-10 17:02:46,462 DEBUG (BaseJdbcLogger.java:159)- ==> Parameters: 1088(Integer), 1088(Integer)
2021-05-10 17:02:46,463 DEBUG (BaseJdbcLogger.java:159)- ==>  Preparing: select id,fltmglid,sfgsmc,sfgsbm,xh,fdksz,fdksjsf,fdjsz,fdjsjsf,dfz from qyjx_khwj_pfgs WHERE fltmglid=? order by xh asc 
2021-05-10 17:02:46,464 DEBUG (BaseJdbcLogger.java:159)- ==> Parameters: 1088(Integer)
2021-05-10 17:02:46,493 DEBUG (BaseJdbcLogger.java:159)- <==      Total: 0
2021-05-10 17:02:46,494 DEBUG (BaseJdbcLogger.java:159)- <==      Total: 0
2021-05-10 17:03:11,040 DEBUG (BaseJdbcLogger.java:159)- ==>  Preparing: SELECT count(0) FROM qyjx_khwj_mbfl fl, qyjx_khwj_fltmgl ftg, qyjx_khwj_tm tm WHERE fl.id = ftg.mbflid AND ftg.tmid = tm.id AND fl.mbid = ? 
2021-05-10 17:03:11,042 DEBUG (BaseJdbcLogger.java:159)- ==> Parameters: 183(Integer)
2021-05-10 17:03:11,056 DEBUG (BaseJdbcLogger.java:159)- <==      Total: 1
2021-05-10 17:03:11,057 DEBUG (BaseJdbcLogger.java:159)- ==>  Preparing: select ftg.id,ftg.mbflid,ftg.tmid,ftg.tmsx,ftg.tmdaly,ftg.tmdagsmc,ftg.tmdagsbm,ftg.tkzsfwdf,ftg.tmsffs,ftg.tmsffffl,ftg.tmsfbdsms,tm.tmbm,tm.tmmc,tm.tmlx,fl.mbflmc from qyjx_khwj_mbfl fl,qyjx_khwj_fltmgl ftg,qyjx_khwj_tm tm WHERE fl.id=ftg.mbflid and ftg.tmid=tm.id and fl.mbid = ? order by fl.mbflsx asc,ftg.tmsx asc LIMIT ? 
2021-05-10 17:03:11,057 DEBUG (BaseJdbcLogger.java:159)- ==> Parameters: 183(Integer), 20(Integer)
2021-05-10 17:03:11,083 DEBUG (BaseJdbcLogger.java:159)- <==      Total: 3
2021-05-10 17:03:11,138 DEBUG (BaseJdbcLogger.java:159)- ==>  Preparing: select id,mbid,mbflmc,mbflsx,sfyfj from qyjx_khwj_mbfl WHERE mbid =? order by mbflsx asc 
2021-05-10 17:03:11,138 DEBUG (BaseJdbcLogger.java:159)- ==>  Preparing: select id,mbid,mbflmc,mbflsx,sfyfj from qyjx_khwj_mbfl WHERE mbid =? order by mbflsx asc 
2021-05-10 17:03:11,139 DEBUG (BaseJdbcLogger.java:159)- ==> Parameters: 183(Integer)
2021-05-10 17:03:11,139 DEBUG (BaseJdbcLogger.java:159)- ==> Parameters: 183(Integer)
2021-05-10 17:03:11,152 DEBUG (BaseJdbcLogger.java:159)- <==      Total: 1
2021-05-10 17:03:11,152 DEBUG (BaseJdbcLogger.java:159)- <==      Total: 1
2021-05-10 17:03:11,198 DEBUG (BaseJdbcLogger.java:159)- ==>  Preparing: select ftg.id,ftg.mbflid,ftg.tmid,ftg.tmsx,ftg.tmdaly,ftg.tmdagsmc,ftg.tmdagsbm,ftg.tkzsfwdf,ftg.tmsffs,ftg.tmsffffl,ftg.tmsfbdsms,tm.tmbm,tm.tmmc,tm.tmlx from qyjx_khwj_fltmgl ftg,qyjx_khwj_tm tm WHERE ftg.tmid=tm.id and ftg.mbflid =? order by tmsx asc 
2021-05-10 17:03:11,200 DEBUG (BaseJdbcLogger.java:159)- ==> Parameters: 339(Integer)
2021-05-10 17:03:11,235 DEBUG (BaseJdbcLogger.java:159)- <==      Total: 3
2021-05-10 17:03:21,677 DEBUG (BaseJdbcLogger.java:159)- ==>  Preparing: select id,fltmglid,sfgsmc,sfgsbm,xh,fdksz,fdksjsf,fdjsz,fdjsjsf,dfz from qyjx_khwj_pfgs WHERE fltmglid=? order by xh asc 
2021-05-10 17:03:21,677 DEBUG (BaseJdbcLogger.java:159)- ==>  Preparing: select xfz.id,? fltmglid, IFNULL(xfz.tmxxid,tx.id) tmxxid,IFNULL(xfz.xxfz,0) xxfz,tx.xxnr from qyjx_khwj_fltmgl ftg INNER JOIN qyjx_khwj_tmxx tx on tx.tmid =ftg.tmid LEFT JOIN qyjx_khwj_xxfsz xfz on xfz.fltmglid = ftg.id and xfz.tmxxid=tx.id where ftg.id=? ORDER BY tx.xxsx asc 
2021-05-10 17:03:21,678 DEBUG (BaseJdbcLogger.java:159)- ==> Parameters: 1088(Integer), 1088(Integer)
2021-05-10 17:03:21,678 DEBUG (BaseJdbcLogger.java:159)- ==> Parameters: 1088(Integer)
2021-05-10 17:03:21,692 DEBUG (BaseJdbcLogger.java:159)- <==      Total: 0
2021-05-10 17:03:21,693 DEBUG (BaseJdbcLogger.java:159)- <==      Total: 0
2021-05-10 17:03:28,772 DEBUG (BaseJdbcLogger.java:159)- ==>  Preparing: select id,fltmglid,sfgsmc,sfgsbm,xh,fdksz,fdksjsf,fdjsz,fdjsjsf,dfz from qyjx_khwj_pfgs WHERE fltmglid=? order by xh asc 
2021-05-10 17:03:28,772 DEBUG (BaseJdbcLogger.java:159)- ==>  Preparing: select xfz.id,? fltmglid, IFNULL(xfz.tmxxid,tx.id) tmxxid,IFNULL(xfz.xxfz,0) xxfz,tx.xxnr from qyjx_khwj_fltmgl ftg INNER JOIN qyjx_khwj_tmxx tx on tx.tmid =ftg.tmid LEFT JOIN qyjx_khwj_xxfsz xfz on xfz.fltmglid = ftg.id and xfz.tmxxid=tx.id where ftg.id=? ORDER BY tx.xxsx asc 
2021-05-10 17:03:28,774 DEBUG (BaseJdbcLogger.java:159)- ==> Parameters: 1088(Integer)
2021-05-10 17:03:28,774 DEBUG (BaseJdbcLogger.java:159)- ==> Parameters: 1088(Integer), 1088(Integer)
2021-05-10 17:03:28,788 DEBUG (BaseJdbcLogger.java:159)- <==      Total: 0
2021-05-10 17:03:28,788 DEBUG (BaseJdbcLogger.java:159)- <==      Total: 0
2021-05-10 17:03:30,392 DEBUG (BaseJdbcLogger.java:159)- ==>  Preparing: select id,fltmglid,sfgsmc,sfgsbm,xh,fdksz,fdksjsf,fdjsz,fdjsjsf,dfz from qyjx_khwj_pfgs WHERE fltmglid=? order by xh asc 
2021-05-10 17:03:30,392 DEBUG (BaseJdbcLogger.java:159)- ==>  Preparing: select xfz.id,? fltmglid, IFNULL(xfz.tmxxid,tx.id) tmxxid,IFNULL(xfz.xxfz,0) xxfz,tx.xxnr from qyjx_khwj_fltmgl ftg INNER JOIN qyjx_khwj_tmxx tx on tx.tmid =ftg.tmid LEFT JOIN qyjx_khwj_xxfsz xfz on xfz.fltmglid = ftg.id and xfz.tmxxid=tx.id where ftg.id=? ORDER BY tx.xxsx asc 
2021-05-10 17:03:30,393 DEBUG (BaseJdbcLogger.java:159)- ==> Parameters: 1088(Integer)
2021-05-10 17:03:30,393 DEBUG (BaseJdbcLogger.java:159)- ==> Parameters: 1088(Integer), 1088(Integer)
2021-05-10 17:03:30,408 DEBUG (BaseJdbcLogger.java:159)- <==      Total: 0
2021-05-10 17:03:30,409 DEBUG (BaseJdbcLogger.java:159)- <==      Total: 0
2021-05-10 17:03:31,521 DEBUG (BaseJdbcLogger.java:159)- ==>  Preparing: select id,fltmglid,sfgsmc,sfgsbm,xh,fdksz,fdksjsf,fdjsz,fdjsjsf,dfz from qyjx_khwj_pfgs WHERE fltmglid=? order by xh asc 
2021-05-10 17:03:31,521 DEBUG (BaseJdbcLogger.java:159)- ==>  Preparing: select xfz.id,? fltmglid, IFNULL(xfz.tmxxid,tx.id) tmxxid,IFNULL(xfz.xxfz,0) xxfz,tx.xxnr from qyjx_khwj_fltmgl ftg INNER JOIN qyjx_khwj_tmxx tx on tx.tmid =ftg.tmid LEFT JOIN qyjx_khwj_xxfsz xfz on xfz.fltmglid = ftg.id and xfz.tmxxid=tx.id where ftg.id=? ORDER BY tx.xxsx asc 
2021-05-10 17:03:31,525 DEBUG (BaseJdbcLogger.java:159)- ==> Parameters: 1088(Integer)
2021-05-10 17:03:31,526 DEBUG (BaseJdbcLogger.java:159)- ==> Parameters: 1088(Integer), 1088(Integer)
2021-05-10 17:03:31,541 DEBUG (BaseJdbcLogger.java:159)- <==      Total: 0
2021-05-10 17:03:31,541 DEBUG (BaseJdbcLogger.java:159)- <==      Total: 0
2021-05-10 17:03:32,770 DEBUG (BaseJdbcLogger.java:159)- ==>  Preparing: select xfz.id,? fltmglid, IFNULL(xfz.tmxxid,tx.id) tmxxid,IFNULL(xfz.xxfz,0) xxfz,tx.xxnr from qyjx_khwj_fltmgl ftg INNER JOIN qyjx_khwj_tmxx tx on tx.tmid =ftg.tmid LEFT JOIN qyjx_khwj_xxfsz xfz on xfz.fltmglid = ftg.id and xfz.tmxxid=tx.id where ftg.id=? ORDER BY tx.xxsx asc 
2021-05-10 17:03:32,770 DEBUG (BaseJdbcLogger.java:159)- ==>  Preparing: select id,fltmglid,sfgsmc,sfgsbm,xh,fdksz,fdksjsf,fdjsz,fdjsjsf,dfz from qyjx_khwj_pfgs WHERE fltmglid=? order by xh asc 
2021-05-10 17:03:32,771 DEBUG (BaseJdbcLogger.java:159)- ==> Parameters: 1088(Integer), 1088(Integer)
2021-05-10 17:03:32,771 DEBUG (BaseJdbcLogger.java:159)- ==> Parameters: 1088(Integer)
2021-05-10 17:03:32,784 DEBUG (BaseJdbcLogger.java:159)- <==      Total: 0
2021-05-10 17:03:32,786 DEBUG (BaseJdbcLogger.java:159)- <==      Total: 0
2021-05-10 17:03:42,718 DEBUG (BaseJdbcLogger.java:159)- ==>  Preparing: select id,mbid,mbflmc,mbflsx,sfyfj from qyjx_khwj_mbfl WHERE mbid =? order by mbflsx asc 
2021-05-10 17:03:42,719 DEBUG (BaseJdbcLogger.java:159)- ==> Parameters: 183(Integer)
2021-05-10 17:03:42,733 DEBUG (BaseJdbcLogger.java:159)- <==      Total: 1
2021-05-10 17:03:43,852 DEBUG (BaseJdbcLogger.java:159)- ==>  Preparing: SELECT count(0) FROM (SELECT IFNULL(ftg.id, 0) id, ? mbflid, tm.id tmid, ftg.tmsx, ftg.tmdaly, ftg.tmdagsmc, ftg.tmdagsbm, ftg.tkzsfwdf, ftg.tmsffs, ftg.tmsffffl, ftg.tmsfbdsms, tm.tmbm, tm.tmmc, tm.tmlx FROM qyjx_khwj_tm tm LEFT JOIN (SELECT f.* FROM qyjx_khwj_fltmgl f, qyjx_khwj_mbfl fl WHERE f.mbflid = fl.id AND fl.mbid = ?) ftg ON tm.id = ftg.tmid WHERE tm.zt = 1 AND tm.mbslid IS NULL) table_count 
2021-05-10 17:03:43,853 DEBUG (BaseJdbcLogger.java:159)- ==> Parameters: 339(Integer), 183(Integer)
2021-05-10 17:03:43,869 DEBUG (BaseJdbcLogger.java:159)- <==      Total: 1
2021-05-10 17:03:43,870 DEBUG (BaseJdbcLogger.java:159)- ==>  Preparing: select IFNULL(ftg.id,0) id,? mbflid,tm.id tmid,ftg.tmsx,ftg.tmdaly,ftg.tmdagsmc,ftg.tmdagsbm,ftg.tkzsfwdf,ftg.tmsffs,ftg.tmsffffl,ftg.tmsfbdsms,tm.tmbm,tm.tmmc,tm.tmlx from qyjx_khwj_tm tm LEFT JOIN (SELECT f.* from qyjx_khwj_fltmgl f, qyjx_khwj_mbfl fl where f.mbflid = fl.id AND fl.mbid =? ) ftg on tm.id = ftg.tmid where tm.zt = 1 and tm.mbslid is null order by ftg.id asc,ftg.tmsx asc LIMIT ? 
2021-05-10 17:03:43,870 DEBUG (BaseJdbcLogger.java:159)- ==> Parameters: 339(Integer), 183(Integer), 10(Integer)
2021-05-10 17:03:43,906 DEBUG (BaseJdbcLogger.java:159)- <==      Total: 7
2021-05-10 17:03:48,361 DEBUG (BaseJdbcLogger.java:159)- ==>  Preparing: SELECT IFNULL( max(ftg.tmsx),0) mbflsx from qyjx_khwj_fltmgl ftg where ftg.mbflid = ? 
2021-05-10 17:03:48,362 DEBUG (BaseJdbcLogger.java:159)- ==> Parameters: 339(Integer)
2021-05-10 17:03:48,375 DEBUG (BaseJdbcLogger.java:159)- <==      Total: 1
2021-05-10 17:03:48,377 DEBUG (BaseJdbcLogger.java:159)- ==>  Preparing: select fl.id,fl.mbid,fl.mbflmc,fl.mbflsx,fl.sfyfj from qyjx_khwj_mbfl fl WHERE EXISTS ( SELECT 1 from qyjx_khwj_fltmgl gl where fl.id=gl.mbflid and gl.tmid=? ) and fl.mbid = ? and fl.id !=? 
2021-05-10 17:03:48,378 DEBUG (BaseJdbcLogger.java:159)- ==> Parameters: 47(Integer), 183(Integer), 339(Integer)
2021-05-10 17:03:48,391 DEBUG (BaseJdbcLogger.java:159)- <==      Total: 0
2021-05-10 17:03:48,392 DEBUG (BaseJdbcLogger.java:159)- ==>  Preparing: insert into qyjx_khwj_fltmgl(mbflid,tmid,tmsx,tmdaly,tmdagsmc,tmdagsbm,tkzsfwdf,tmsffs,tmsffffl,tmsfbdsms) values (?,?,?,?,?,?,?,?,?,?) 
2021-05-10 17:03:48,393 DEBUG (BaseJdbcLogger.java:159)- ==> Parameters: 339(Integer), 47(Integer), 4(Integer), 0(String), null, null, 0(String), 2(String), null, null
2021-05-10 17:03:48,419 DEBUG (BaseJdbcLogger.java:159)- <==    Updates: 1
2021-05-10 17:03:48,492 DEBUG (BaseJdbcLogger.java:159)- ==>  Preparing: select ftg.id,ftg.mbflid,ftg.tmid,ftg.tmsx,ftg.tmdaly,ftg.tmdagsmc,ftg.tmdagsbm,ftg.tkzsfwdf,ftg.tmsffs,ftg.tmsffffl,ftg.tmsfbdsms,tm.tmbm,tm.tmmc,tm.tmlx from qyjx_khwj_fltmgl ftg,qyjx_khwj_tm tm WHERE ftg.tmid=tm.id and ftg.mbflid =? order by tmsx asc 
2021-05-10 17:03:48,492 DEBUG (BaseJdbcLogger.java:159)- ==> Parameters: 339(Integer)
2021-05-10 17:03:48,508 DEBUG (BaseJdbcLogger.java:159)- <==      Total: 4
2021-05-10 17:03:50,693 DEBUG (BaseJdbcLogger.java:159)- ==>  Preparing: select id,mbid,mbflmc,mbflsx,sfyfj from qyjx_khwj_mbfl WHERE mbid =? order by mbflsx asc 
2021-05-10 17:03:50,693 DEBUG (BaseJdbcLogger.java:159)- ==> Parameters: 183(Integer)
2021-05-10 17:03:50,705 DEBUG (BaseJdbcLogger.java:159)- ==>  Preparing: SELECT count(1) mbsl from qyjx_khwj_mb mb where mbbh=? AND id != ? 
2021-05-10 17:03:50,706 DEBUG (BaseJdbcLogger.java:159)- ==> Parameters: mb20210507003(String), 183(Integer)
2021-05-10 17:03:50,713 DEBUG (BaseJdbcLogger.java:159)- ==>  Preparing: SELECT count(0) FROM qyjx_khwj_mbfl fl, qyjx_khwj_fltmgl ftg, qyjx_khwj_tm tm WHERE fl.id = ftg.mbflid AND ftg.tmid = tm.id AND fl.mbid = ? 
2021-05-10 17:03:50,714 DEBUG (BaseJdbcLogger.java:159)- ==> Parameters: 183(Integer)
2021-05-10 17:03:50,720 DEBUG (BaseJdbcLogger.java:159)- <==      Total: 1
2021-05-10 17:03:50,721 DEBUG (BaseJdbcLogger.java:159)- ==>  Preparing: update qyjx_khwj_mb wm set mbbh= ?,mbmc= ?,mbfbt= ?,mbxsfs= ?,mblx= ?,mbfj= ?,gxr= ?,gxsj= ?,zt= ? where id = ? 
2021-05-10 17:03:50,723 DEBUG (BaseJdbcLogger.java:159)- ==> Parameters: mb20210507003(String), 填空题-无(String), 填空题-无(String), 1(String), 1(String), 1(String), 管理员(String), 2021-05-10 17:03:50.703(Timestamp), 1(String), 183(Integer)
2021-05-10 17:03:50,723 DEBUG (BaseJdbcLogger.java:159)- <==      Total: 1
2021-05-10 17:03:50,730 DEBUG (BaseJdbcLogger.java:159)- <==      Total: 1
2021-05-10 17:03:50,731 DEBUG (BaseJdbcLogger.java:159)- ==>  Preparing: select ftg.id,ftg.mbflid,ftg.tmid,ftg.tmsx,ftg.tmdaly,ftg.tmdagsmc,ftg.tmdagsbm,ftg.tkzsfwdf,ftg.tmsffs,ftg.tmsffffl,ftg.tmsfbdsms,tm.tmbm,tm.tmmc,tm.tmlx,fl.mbflmc from qyjx_khwj_mbfl fl,qyjx_khwj_fltmgl ftg,qyjx_khwj_tm tm WHERE fl.id=ftg.mbflid and ftg.tmid=tm.id and fl.mbid = ? order by fl.mbflsx asc,ftg.tmsx asc LIMIT ? 
2021-05-10 17:03:50,732 DEBUG (BaseJdbcLogger.java:159)- ==> Parameters: 183(Integer), 20(Integer)
2021-05-10 17:03:50,747 DEBUG (BaseJdbcLogger.java:159)- <==    Updates: 1
2021-05-10 17:03:50,748 DEBUG (BaseJdbcLogger.java:159)- <==      Total: 4
2021-05-10 17:03:50,831 DEBUG (BaseJdbcLogger.java:159)- ==>  Preparing: SELECT count(0) FROM qyjx_khwj_mbfl fl, qyjx_khwj_fltmgl ftg, qyjx_khwj_tm tm WHERE fl.id = ftg.mbflid AND ftg.tmid = tm.id AND fl.mbid = ? 
2021-05-10 17:03:50,831 DEBUG (BaseJdbcLogger.java:159)- ==> Parameters: 183(Integer)
2021-05-10 17:03:50,832 DEBUG (BaseJdbcLogger.java:159)- ==>  Preparing: select id,mbid,mbflmc,mbflsx,sfyfj from qyjx_khwj_mbfl WHERE mbid =? order by mbflsx asc 
2021-05-10 17:03:50,832 DEBUG (BaseJdbcLogger.java:159)- ==> Parameters: 183(Integer)
2021-05-10 17:03:50,833 DEBUG (BaseJdbcLogger.java:159)- ==>  Preparing: SELECT count(0) FROM qyjx_khwj_mb WHERE mbslid IS NULL AND zt = ? 
2021-05-10 17:03:50,834 DEBUG (BaseJdbcLogger.java:159)- ==> Parameters: 1(String)
2021-05-10 17:03:50,846 DEBUG (BaseJdbcLogger.java:159)- <==      Total: 1
2021-05-10 17:03:50,847 DEBUG (BaseJdbcLogger.java:159)- ==>  Preparing: select ftg.id,ftg.mbflid,ftg.tmid,ftg.tmsx,ftg.tmdaly,ftg.tmdagsmc,ftg.tmdagsbm,ftg.tkzsfwdf,ftg.tmsffs,ftg.tmsffffl,ftg.tmsfbdsms,tm.tmbm,tm.tmmc,tm.tmlx,fl.mbflmc from qyjx_khwj_mbfl fl,qyjx_khwj_fltmgl ftg,qyjx_khwj_tm tm WHERE fl.id=ftg.mbflid and ftg.tmid=tm.id and fl.mbid = ? order by fl.mbflsx asc,ftg.tmsx asc LIMIT ? 
2021-05-10 17:03:50,847 DEBUG (BaseJdbcLogger.java:159)- <==      Total: 1
2021-05-10 17:03:50,847 DEBUG (BaseJdbcLogger.java:159)- ==> Parameters: 183(Integer), 20(Integer)
2021-05-10 17:03:50,848 DEBUG (BaseJdbcLogger.java:159)- <==      Total: 1
2021-05-10 17:03:50,848 DEBUG (BaseJdbcLogger.java:159)- ==>  Preparing: select id,mbbh,mbmc,mbfbt,mbxsfs,mblx,mbfj,cjr,cjsj,gxr,gxsj,zt from qyjx_khwj_mb WHERE mbslid is null AND zt = ? LIMIT ? 
2021-05-10 17:03:50,849 DEBUG (BaseJdbcLogger.java:159)- ==> Parameters: 1(String), 20(Integer)
2021-05-10 17:03:50,879 DEBUG (BaseJdbcLogger.java:159)- <==      Total: 11
2021-05-10 17:03:50,883 DEBUG (BaseJdbcLogger.java:159)- <==      Total: 4
2021-05-10 17:03:54,930 DEBUG (BaseJdbcLogger.java:159)- ==>  Preparing: select id,mbid,mbflmc,mbflsx,sfyfj from qyjx_khwj_mbfl WHERE mbid =? order by mbflsx asc 
2021-05-10 17:03:54,930 DEBUG (BaseJdbcLogger.java:159)- ==> Parameters: 183(Integer)
2021-05-10 17:03:54,931 DEBUG (BaseJdbcLogger.java:159)- ==>  Preparing: SELECT count(0) FROM qyjx_khwj_mbfl fl, qyjx_khwj_fltmgl ftg, qyjx_khwj_tm tm WHERE fl.id = ftg.mbflid AND ftg.tmid = tm.id AND fl.mbid = ? 
2021-05-10 17:03:54,931 DEBUG (BaseJdbcLogger.java:159)- ==> Parameters: 183(Integer)
2021-05-10 17:03:54,945 DEBUG (BaseJdbcLogger.java:159)- <==      Total: 1
2021-05-10 17:03:54,945 DEBUG (BaseJdbcLogger.java:159)- <==      Total: 1
2021-05-10 17:03:54,945 DEBUG (BaseJdbcLogger.java:159)- ==>  Preparing: select ftg.id,ftg.mbflid,ftg.tmid,ftg.tmsx,ftg.tmdaly,ftg.tmdagsmc,ftg.tmdagsbm,ftg.tkzsfwdf,ftg.tmsffs,ftg.tmsffffl,ftg.tmsfbdsms,tm.tmbm,tm.tmmc,tm.tmlx,fl.mbflmc from qyjx_khwj_mbfl fl,qyjx_khwj_fltmgl ftg,qyjx_khwj_tm tm WHERE fl.id=ftg.mbflid and ftg.tmid=tm.id and fl.mbid = ? order by fl.mbflsx asc,ftg.tmsx asc LIMIT ? 
2021-05-10 17:03:54,946 DEBUG (BaseJdbcLogger.java:159)- ==> Parameters: 183(Integer), 20(Integer)
2021-05-10 17:03:54,966 DEBUG (BaseJdbcLogger.java:159)- <==      Total: 4
2021-05-10 17:03:58,100 DEBUG (BaseJdbcLogger.java:159)- ==>  Preparing: select id,fltmglid,sfgsmc,sfgsbm,xh,fdksz,fdksjsf,fdjsz,fdjsjsf,dfz from qyjx_khwj_pfgs WHERE fltmglid=? order by xh asc 
2021-05-10 17:03:58,100 DEBUG (BaseJdbcLogger.java:159)- ==>  Preparing: select xfz.id,? fltmglid, IFNULL(xfz.tmxxid,tx.id) tmxxid,IFNULL(xfz.xxfz,0) xxfz,tx.xxnr from qyjx_khwj_fltmgl ftg INNER JOIN qyjx_khwj_tmxx tx on tx.tmid =ftg.tmid LEFT JOIN qyjx_khwj_xxfsz xfz on xfz.fltmglid = ftg.id and xfz.tmxxid=tx.id where ftg.id=? ORDER BY tx.xxsx asc 
2021-05-10 17:03:58,101 DEBUG (BaseJdbcLogger.java:159)- ==> Parameters: 1099(Integer)
2021-05-10 17:03:58,101 DEBUG (BaseJdbcLogger.java:159)- ==> Parameters: 1099(Integer), 1099(Integer)
2021-05-10 17:03:58,115 DEBUG (BaseJdbcLogger.java:159)- <==      Total: 3
2021-05-10 17:03:58,116 DEBUG (BaseJdbcLogger.java:159)- <==      Total: 0
2021-05-10 17:04:36,222 DEBUG (BaseJdbcLogger.java:159)- ==>  Preparing: select xfz.id,? fltmglid, IFNULL(xfz.tmxxid,tx.id) tmxxid,IFNULL(xfz.xxfz,0) xxfz,tx.xxnr from qyjx_khwj_fltmgl ftg INNER JOIN qyjx_khwj_tmxx tx on tx.tmid =ftg.tmid LEFT JOIN qyjx_khwj_xxfsz xfz on xfz.fltmglid = ftg.id and xfz.tmxxid=tx.id where ftg.id=? ORDER BY tx.xxsx asc 
2021-05-10 17:04:36,223 DEBUG (BaseJdbcLogger.java:159)- ==> Parameters: 1085(Integer), 1085(Integer)
2021-05-10 17:05:09,895 DEBUG (BaseJdbcLogger.java:159)- <==      Total: 0
2021-05-10 17:05:09,896 DEBUG (BaseJdbcLogger.java:159)- ==>  Preparing: select id,fltmglid,sfgsmc,sfgsbm,xh,fdksz,fdksjsf,fdjsz,fdjsjsf,dfz from qyjx_khwj_pfgs WHERE fltmglid=? order by xh asc 
2021-05-10 17:05:09,897 DEBUG (BaseJdbcLogger.java:159)- ==> Parameters: 1085(Integer)
2021-05-10 17:05:09,912 DEBUG (BaseJdbcLogger.java:159)- <==      Total: 1
2021-05-10 17:05:10,662 DEBUG (BaseJdbcLogger.java:159)- ==>  Preparing: select id,fltmglid,sfgsmc,sfgsbm,xh,fdksz,fdksjsf,fdjsz,fdjsjsf,dfz from qyjx_khwj_pfgs WHERE fltmglid=? order by xh asc 
2021-05-10 17:05:10,662 DEBUG (BaseJdbcLogger.java:159)- ==>  Preparing: DELETE gs from qyjx_khwj_pfgs gs where gs.fltmglid=? 
2021-05-10 17:05:10,662 DEBUG (BaseJdbcLogger.java:159)- ==> Parameters: 1085(Integer)
2021-05-10 17:05:10,663 DEBUG (BaseJdbcLogger.java:159)- ==> Parameters: 1085(Integer)
2021-05-10 17:05:10,664 DEBUG (BaseJdbcLogger.java:159)- ==>  Preparing: select xfz.id,? fltmglid, IFNULL(xfz.tmxxid,tx.id) tmxxid,IFNULL(xfz.xxfz,0) xxfz,tx.xxnr from qyjx_khwj_fltmgl ftg INNER JOIN qyjx_khwj_tmxx tx on tx.tmid =ftg.tmid LEFT JOIN qyjx_khwj_xxfsz xfz on xfz.fltmglid = ftg.id and xfz.tmxxid=tx.id where ftg.id=? ORDER BY tx.xxsx asc 
2021-05-10 17:05:10,667 DEBUG (BaseJdbcLogger.java:159)- ==> Parameters: 1085(Integer), 1085(Integer)
2021-05-10 17:05:11,559 DEBUG (BaseJdbcLogger.java:159)- <==      Total: 0
2021-05-10 17:05:11,577 DEBUG (BaseJdbcLogger.java:159)- <==      Total: 1
2021-05-10 17:05:11,801 DEBUG (BaseJdbcLogger.java:159)- <==    Updates: 1
2021-05-10 17:05:12,055 DEBUG (BaseJdbcLogger.java:159)- ==>  Preparing: update qyjx_khwj_fltmgl gl set mbflid= ?,tmid= ?,tmsx= ?,tmdaly= ?,tmdagsmc= ?,tmdagsbm= ?,tkzsfwdf= ?,tmsffs= ?,tmsffffl= ?,tmsfbdsms= ? where id = ? 
2021-05-10 17:05:11,804 DEBUG (BaseJdbcLogger.java:159)- ==>  Preparing: select id,fltmglid,sfgsmc,sfgsbm,xh,fdksz,fdksjsf,fdjsz,fdjsjsf,dfz from qyjx_khwj_pfgs WHERE fltmglid=? order by xh asc 
2021-05-10 17:05:12,056 DEBUG (BaseJdbcLogger.java:159)- ==> Parameters: 1085(Integer)
2021-05-10 17:05:15,084 DEBUG (BaseJdbcLogger.java:159)- ==> Parameters: 339(Integer), 49(Integer), 1(Integer), 2(String),  {填空分子}+{填空分母}(String), ({20210429002})+({20210429003})(String), 1(String), 1(String), 2(String), null, 1085(Integer)
2021-05-10 17:05:16,425 DEBUG (BaseJdbcLogger.java:159)- ==>  Preparing: select id,fltmglid,sfgsmc,sfgsbm,xh,fdksz,fdksjsf,fdjsz,fdjsjsf,dfz from qyjx_khwj_pfgs WHERE fltmglid=? order by xh asc 
2021-05-10 17:05:16,425 DEBUG (BaseJdbcLogger.java:159)- <==      Total: 0
2021-05-10 17:05:16,426 DEBUG (BaseJdbcLogger.java:159)- ==> Parameters: 1085(Integer)
2021-05-10 17:05:16,447 DEBUG (BaseJdbcLogger.java:159)- <==      Total: 0
2021-05-10 17:05:16,489 DEBUG (BaseJdbcLogger.java:159)- <==    Updates: 1
2021-05-10 17:05:56,207 DEBUG (BaseJdbcLogger.java:159)- ==>  Preparing: select xfz.id,? fltmglid, IFNULL(xfz.tmxxid,tx.id) tmxxid,IFNULL(xfz.xxfz,0) xxfz,tx.xxnr from qyjx_khwj_fltmgl ftg INNER JOIN qyjx_khwj_tmxx tx on tx.tmid =ftg.tmid LEFT JOIN qyjx_khwj_xxfsz xfz on xfz.fltmglid = ftg.id and xfz.tmxxid=tx.id where ftg.id=? ORDER BY tx.xxsx asc 
2021-05-10 17:05:56,209 DEBUG (BaseJdbcLogger.java:159)- ==> Parameters: 1085(Integer), 1085(Integer)
2021-05-10 17:05:56,341 DEBUG (BaseJdbcLogger.java:159)- <==      Total: 0
2021-05-10 17:05:56,348 DEBUG (BaseJdbcLogger.java:159)- ==>  Preparing: select xfz.id,? fltmglid, IFNULL(xfz.tmxxid,tx.id) tmxxid,IFNULL(xfz.xxfz,0) xxfz,tx.xxnr from qyjx_khwj_fltmgl ftg INNER JOIN qyjx_khwj_tmxx tx on tx.tmid =ftg.tmid LEFT JOIN qyjx_khwj_xxfsz xfz on xfz.fltmglid = ftg.id and xfz.tmxxid=tx.id where ftg.id=? ORDER BY tx.xxsx asc 
2021-05-10 17:05:56,348 DEBUG (BaseJdbcLogger.java:159)- ==> Parameters: 1085(Integer), 1085(Integer)
2021-05-10 17:05:56,374 DEBUG (BaseJdbcLogger.java:159)- <==      Total: 0
2021-05-10 17:05:56,375 DEBUG (BaseJdbcLogger.java:159)- ==>  Preparing: select xfz.id,? fltmglid, IFNULL(xfz.tmxxid,tx.id) tmxxid,IFNULL(xfz.xxfz,0) xxfz,tx.xxnr from qyjx_khwj_fltmgl ftg INNER JOIN qyjx_khwj_tmxx tx on tx.tmid =ftg.tmid LEFT JOIN qyjx_khwj_xxfsz xfz on xfz.fltmglid = ftg.id and xfz.tmxxid=tx.id where ftg.id=? ORDER BY tx.xxsx asc 
2021-05-10 17:05:56,389 DEBUG (BaseJdbcLogger.java:159)- ==> Parameters: 1085(Integer), 1085(Integer)
2021-05-10 17:05:56,415 DEBUG (BaseJdbcLogger.java:159)- ==>  Preparing: select id,fltmglid,sfgsmc,sfgsbm,xh,fdksz,fdksjsf,fdjsz,fdjsjsf,dfz from qyjx_khwj_pfgs WHERE fltmglid=? order by xh asc 
2021-05-10 17:05:56,418 DEBUG (BaseJdbcLogger.java:159)- ==> Parameters: 1085(Integer)
2021-05-10 17:05:56,566 DEBUG (BaseJdbcLogger.java:159)- <==      Total: 0
2021-05-10 17:05:56,567 DEBUG (BaseJdbcLogger.java:159)- <==      Total: 0
2021-05-10 17:05:56,568 DEBUG (BaseJdbcLogger.java:159)- ==>  Preparing: select xfz.id,? fltmglid, IFNULL(xfz.tmxxid,tx.id) tmxxid,IFNULL(xfz.xxfz,0) xxfz,tx.xxnr from qyjx_khwj_fltmgl ftg INNER JOIN qyjx_khwj_tmxx tx on tx.tmid =ftg.tmid LEFT JOIN qyjx_khwj_xxfsz xfz on xfz.fltmglid = ftg.id and xfz.tmxxid=tx.id where ftg.id=? ORDER BY tx.xxsx asc 
2021-05-10 17:05:56,569 DEBUG (BaseJdbcLogger.java:159)- ==> Parameters: 1085(Integer), 1085(Integer)
2021-05-10 17:05:56,569 DEBUG (BaseJdbcLogger.java:159)- ==>  Preparing: select id,fltmglid,sfgsmc,sfgsbm,xh,fdksz,fdksjsf,fdjsz,fdjsjsf,dfz from qyjx_khwj_pfgs WHERE fltmglid=? order by xh asc 
2021-05-10 17:05:56,570 DEBUG (BaseJdbcLogger.java:159)- ==> Parameters: 1085(Integer)
2021-05-10 17:05:56,572 DEBUG (BaseJdbcLogger.java:159)- ==>  Preparing: select id,fltmglid,sfgsmc,sfgsbm,xh,fdksz,fdksjsf,fdjsz,fdjsjsf,dfz from qyjx_khwj_pfgs WHERE fltmglid=? order by xh asc 
2021-05-10 17:05:57,104 DEBUG (BaseJdbcLogger.java:159)- <==      Total: 0
2021-05-10 17:05:57,104 DEBUG (BaseJdbcLogger.java:159)- ==> Parameters: 1085(Integer)
2021-05-10 17:05:57,103 DEBUG (BaseJdbcLogger.java:159)- <==      Total: 0
2021-05-10 17:05:57,105 DEBUG (BaseJdbcLogger.java:159)- ==>  Preparing: select id,fltmglid,sfgsmc,sfgsbm,xh,fdksz,fdksjsf,fdjsz,fdjsjsf,dfz from qyjx_khwj_pfgs WHERE fltmglid=? order by xh asc 
2021-05-10 17:05:57,109 DEBUG (BaseJdbcLogger.java:159)- ==> Parameters: 1085(Integer)
2021-05-10 17:05:57,117 DEBUG (BaseJdbcLogger.java:159)- ==>  Preparing: select id,fltmglid,sfgsmc,sfgsbm,xh,fdksz,fdksjsf,fdjsz,fdjsjsf,dfz from qyjx_khwj_pfgs WHERE fltmglid=? order by xh asc 
2021-05-10 17:05:57,117 DEBUG (BaseJdbcLogger.java:159)- <==      Total: 0
2021-05-10 17:05:57,119 DEBUG (BaseJdbcLogger.java:159)- ==> Parameters: 1085(Integer)
2021-05-10 17:05:57,124 DEBUG (BaseJdbcLogger.java:159)- ==>  Preparing: select xfz.id,? fltmglid, IFNULL(xfz.tmxxid,tx.id) tmxxid,IFNULL(xfz.xxfz,0) xxfz,tx.xxnr from qyjx_khwj_fltmgl ftg INNER JOIN qyjx_khwj_tmxx tx on tx.tmid =ftg.tmid LEFT JOIN qyjx_khwj_xxfsz xfz on xfz.fltmglid = ftg.id and xfz.tmxxid=tx.id where ftg.id=? ORDER BY tx.xxsx asc 
2021-05-10 17:05:57,126 DEBUG (BaseJdbcLogger.java:159)- <==      Total: 0
2021-05-10 17:05:57,126 DEBUG (BaseJdbcLogger.java:159)- ==> Parameters: 1085(Integer), 1085(Integer)
2021-05-10 17:05:57,142 DEBUG (BaseJdbcLogger.java:159)- <==      Total: 0
2021-05-10 17:05:57,143 DEBUG (BaseJdbcLogger.java:159)- <==      Total: 0
2021-05-10 17:06:03,159 DEBUG (BaseJdbcLogger.java:159)- ==>  Preparing: select xfz.id,? fltmglid, IFNULL(xfz.tmxxid,tx.id) tmxxid,IFNULL(xfz.xxfz,0) xxfz,tx.xxnr from qyjx_khwj_fltmgl ftg INNER JOIN qyjx_khwj_tmxx tx on tx.tmid =ftg.tmid LEFT JOIN qyjx_khwj_xxfsz xfz on xfz.fltmglid = ftg.id and xfz.tmxxid=tx.id where ftg.id=? ORDER BY tx.xxsx asc 
2021-05-10 17:06:03,159 DEBUG (BaseJdbcLogger.java:159)- ==> Parameters: 1099(Integer), 1099(Integer)
2021-05-10 17:06:03,160 DEBUG (BaseJdbcLogger.java:159)- ==>  Preparing: select id,fltmglid,sfgsmc,sfgsbm,xh,fdksz,fdksjsf,fdjsz,fdjsjsf,dfz from qyjx_khwj_pfgs WHERE fltmglid=? order by xh asc 
2021-05-10 17:06:03,161 DEBUG (BaseJdbcLogger.java:159)- ==> Parameters: 1099(Integer)
2021-05-10 17:06:03,174 DEBUG (BaseJdbcLogger.java:159)- <==      Total: 3
2021-05-10 17:06:03,175 DEBUG (BaseJdbcLogger.java:159)- <==      Total: 0
2021-05-10 17:06:15,470 DEBUG (BaseJdbcLogger.java:159)- ==>  Preparing: select id,fltmglid,sfgsmc,sfgsbm,xh,fdksz,fdksjsf,fdjsz,fdjsjsf,dfz from qyjx_khwj_pfgs WHERE fltmglid=? order by xh asc 
2021-05-10 17:06:15,471 DEBUG (BaseJdbcLogger.java:159)- ==>  Preparing: select xfz.id,? fltmglid, IFNULL(xfz.tmxxid,tx.id) tmxxid,IFNULL(xfz.xxfz,0) xxfz,tx.xxnr from qyjx_khwj_fltmgl ftg INNER JOIN qyjx_khwj_tmxx tx on tx.tmid =ftg.tmid LEFT JOIN qyjx_khwj_xxfsz xfz on xfz.fltmglid = ftg.id and xfz.tmxxid=tx.id where ftg.id=? ORDER BY tx.xxsx asc 
2021-05-10 17:06:15,471 DEBUG (BaseJdbcLogger.java:159)- ==> Parameters: 1085(Integer)
2021-05-10 17:06:15,471 DEBUG (BaseJdbcLogger.java:159)- ==> Parameters: 1085(Integer), 1085(Integer)
2021-05-10 17:06:15,497 DEBUG (BaseJdbcLogger.java:159)- <==      Total: 0
2021-05-10 17:06:15,497 DEBUG (BaseJdbcLogger.java:159)- <==      Total: 0
2021-05-10 17:06:36,644 DEBUG (BaseJdbcLogger.java:159)- ==>  Preparing: select xfz.id,? fltmglid, IFNULL(xfz.tmxxid,tx.id) tmxxid,IFNULL(xfz.xxfz,0) xxfz,tx.xxnr from qyjx_khwj_fltmgl ftg INNER JOIN qyjx_khwj_tmxx tx on tx.tmid =ftg.tmid LEFT JOIN qyjx_khwj_xxfsz xfz on xfz.fltmglid = ftg.id and xfz.tmxxid=tx.id where ftg.id=? ORDER BY tx.xxsx asc 
2021-05-10 17:06:36,645 DEBUG (BaseJdbcLogger.java:159)- ==> Parameters: 1085(Integer), 1085(Integer)
2021-05-10 17:06:36,645 DEBUG (BaseJdbcLogger.java:159)- ==>  Preparing: select id,fltmglid,sfgsmc,sfgsbm,xh,fdksz,fdksjsf,fdjsz,fdjsjsf,dfz from qyjx_khwj_pfgs WHERE fltmglid=? order by xh asc 
2021-05-10 17:06:36,645 DEBUG (BaseJdbcLogger.java:159)- ==> Parameters: 1085(Integer)
2021-05-10 17:06:36,658 DEBUG (BaseJdbcLogger.java:159)- <==      Total: 0
2021-05-10 17:06:36,659 DEBUG (BaseJdbcLogger.java:159)- <==      Total: 0
2021-05-10 17:06:48,614 DEBUG (BaseJdbcLogger.java:159)- ==>  Preparing: DELETE gs from qyjx_khwj_pfgs gs where gs.fltmglid=? 
2021-05-10 17:06:48,614 DEBUG (BaseJdbcLogger.java:159)- ==> Parameters: 1085(Integer)
2021-05-10 17:06:48,641 DEBUG (BaseJdbcLogger.java:159)- <==    Updates: 0
2021-05-10 17:06:52,816 DEBUG (BaseJdbcLogger.java:159)- ==>  Preparing: insert into qyjx_khwj_pfgs(fltmglid,sfgsmc,sfgsbm,xh,fdksz,fdksjsf,fdjsz,fdjsjsf,dfz) values (?,?,?,?,?,?,?,?,?) 
2021-05-10 17:06:52,818 DEBUG (BaseJdbcLogger.java:159)- ==> Parameters: 1085(Integer), null, null, 1(Integer), 0(BigDecimal), GTEQ(String), 22(BigDecimal), LT(String), 222(BigDecimal)
2021-05-10 17:06:52,844 DEBUG (BaseJdbcLogger.java:159)- <==    Updates: 1
2021-05-10 17:07:07,611 DEBUG (BaseJdbcLogger.java:159)- ==>  Preparing: select id,fltmglid,sfgsmc,sfgsbm,xh,fdksz,fdksjsf,fdjsz,fdjsjsf,dfz from qyjx_khwj_pfgs WHERE fltmglid=? order by xh asc 
2021-05-10 17:07:07,613 DEBUG (BaseJdbcLogger.java:159)- ==> Parameters: 1085(Integer)
2021-05-10 17:07:07,628 DEBUG (BaseJdbcLogger.java:159)- <==      Total: 1
2021-05-10 17:07:20,891 DEBUG (BaseJdbcLogger.java:159)- ==>  Preparing: select id,fltmglid,sfgsmc,sfgsbm,xh,fdksz,fdksjsf,fdjsz,fdjsjsf,dfz from qyjx_khwj_pfgs WHERE fltmglid=? order by xh asc 
2021-05-10 17:07:20,893 DEBUG (BaseJdbcLogger.java:159)- ==> Parameters: 1085(Integer)
2021-05-10 17:07:20,891 DEBUG (BaseJdbcLogger.java:159)- ==>  Preparing: select xfz.id,? fltmglid, IFNULL(xfz.tmxxid,tx.id) tmxxid,IFNULL(xfz.xxfz,0) xxfz,tx.xxnr from qyjx_khwj_fltmgl ftg INNER JOIN qyjx_khwj_tmxx tx on tx.tmid =ftg.tmid LEFT JOIN qyjx_khwj_xxfsz xfz on xfz.fltmglid = ftg.id and xfz.tmxxid=tx.id where ftg.id=? ORDER BY tx.xxsx asc 
2021-05-10 17:07:20,893 DEBUG (BaseJdbcLogger.java:159)- ==> Parameters: 1085(Integer), 1085(Integer)
2021-05-10 17:07:20,906 DEBUG (BaseJdbcLogger.java:159)- <==      Total: 1
2021-05-10 17:07:20,911 DEBUG (BaseJdbcLogger.java:159)- <==      Total: 0
2021-05-10 17:07:47,520 DEBUG (BaseJdbcLogger.java:159)- ==>  Preparing: SELECT r.id,r.rysfz,r.ryxm,r.rygh,r.xb,r.sjhm,r.dzyx,r.xzdz,r.ryzc, r.ryzw,r.whcd,r.dlmm,r.jgbm,r.jlzt,r.czr,r.czsj,r.tbbz,r.sffzr, r.gwxs,r.sfzb,r.sflh,T1.ksbm from SYS_CZRY r LEFT JOIN sys_zcjg j on r.jgbm = j.jgbm LEFT JOIN ( SELECT GROUP_CONCAT( jg.jgbm ) AS ksbm,ryid FROM sys_ryjg ks inner join sys_zcjg jg on ks.jgid=jg.id GROUP BY ks.ryid ) T1 on T1.ryid=r.id where r.rygh=? LIMIT 1 
2021-05-10 17:07:47,521 DEBUG (BaseJdbcLogger.java:159)- ==> Parameters: admin(String)
2021-05-10 17:07:47,546 DEBUG (BaseJdbcLogger.java:159)- <==      Total: 1
2021-05-10 17:07:47,596 DEBUG (BaseJdbcLogger.java:159)- ==>  Preparing: SELECT count(0) FROM qyjx_khwj_mb WHERE mbslid IS NULL AND zt = ? 
2021-05-10 17:07:47,597 DEBUG (BaseJdbcLogger.java:159)- ==> Parameters: 1(String)
2021-05-10 17:07:47,609 DEBUG (BaseJdbcLogger.java:159)- <==      Total: 1
2021-05-10 17:07:47,610 DEBUG (BaseJdbcLogger.java:159)- ==>  Preparing: select id,mbbh,mbmc,mbfbt,mbxsfs,mblx,mbfj,cjr,cjsj,gxr,gxsj,zt from qyjx_khwj_mb WHERE mbslid is null AND zt = ? LIMIT ? 
2021-05-10 17:07:47,611 DEBUG (BaseJdbcLogger.java:159)- ==> Parameters: 1(String), 20(Integer)
2021-05-10 17:07:47,624 DEBUG (BaseJdbcLogger.java:159)- <==      Total: 11
2021-05-10 17:07:50,289 DEBUG (BaseJdbcLogger.java:159)- ==>  Preparing: SELECT count(0) FROM qyjx_khwj_mbfl fl, qyjx_khwj_fltmgl ftg, qyjx_khwj_tm tm WHERE fl.id = ftg.mbflid AND ftg.tmid = tm.id AND fl.mbid = ? 
2021-05-10 17:07:50,289 DEBUG (BaseJdbcLogger.java:159)- ==> Parameters: 0(Integer)
2021-05-10 17:07:50,296 DEBUG (BaseJdbcLogger.java:159)- ==>  Preparing: SELECT count(0) FROM qyjx_khwj_mbfl fl, qyjx_khwj_fltmgl ftg, qyjx_khwj_tm tm WHERE fl.id = ftg.mbflid AND ftg.tmid = tm.id AND fl.mbid = ? 
2021-05-10 17:07:50,296 DEBUG (BaseJdbcLogger.java:159)- ==> Parameters: 183(Integer)
2021-05-10 17:07:50,304 DEBUG (BaseJdbcLogger.java:159)- <==      Total: 1
2021-05-10 17:07:50,311 DEBUG (BaseJdbcLogger.java:159)- <==      Total: 1
2021-05-10 17:07:50,311 DEBUG (BaseJdbcLogger.java:159)- ==>  Preparing: select ftg.id,ftg.mbflid,ftg.tmid,ftg.tmsx,ftg.tmdaly,ftg.tmdagsmc,ftg.tmdagsbm,ftg.tkzsfwdf,ftg.tmsffs,ftg.tmsffffl,ftg.tmsfbdsms,tm.tmbm,tm.tmmc,tm.tmlx,fl.mbflmc from qyjx_khwj_mbfl fl,qyjx_khwj_fltmgl ftg,qyjx_khwj_tm tm WHERE fl.id=ftg.mbflid and ftg.tmid=tm.id and fl.mbid = ? order by fl.mbflsx asc,ftg.tmsx asc LIMIT ? 
2021-05-10 17:07:50,312 DEBUG (BaseJdbcLogger.java:159)- ==> Parameters: 183(Integer), 20(Integer)
2021-05-10 17:07:50,328 DEBUG (BaseJdbcLogger.java:159)- <==      Total: 4
2021-05-10 17:07:51,471 DEBUG (BaseJdbcLogger.java:159)- ==>  Preparing: select xfz.id,? fltmglid, IFNULL(xfz.tmxxid,tx.id) tmxxid,IFNULL(xfz.xxfz,0) xxfz,tx.xxnr from qyjx_khwj_fltmgl ftg INNER JOIN qyjx_khwj_tmxx tx on tx.tmid =ftg.tmid LEFT JOIN qyjx_khwj_xxfsz xfz on xfz.fltmglid = ftg.id and xfz.tmxxid=tx.id where ftg.id=? ORDER BY tx.xxsx asc 
2021-05-10 17:07:51,472 DEBUG (BaseJdbcLogger.java:159)- ==> Parameters: 1085(Integer), 1085(Integer)
2021-05-10 17:07:51,475 DEBUG (BaseJdbcLogger.java:159)- ==>  Preparing: select id,fltmglid,sfgsmc,sfgsbm,xh,fdksz,fdksjsf,fdjsz,fdjsjsf,dfz from qyjx_khwj_pfgs WHERE fltmglid=? order by xh asc 
2021-05-10 17:07:51,475 DEBUG (BaseJdbcLogger.java:159)- ==> Parameters: 1085(Integer)
2021-05-10 17:07:51,488 DEBUG (BaseJdbcLogger.java:159)- <==      Total: 0
2021-05-10 17:07:51,489 DEBUG (BaseJdbcLogger.java:159)- <==      Total: 1
2021-05-10 17:08:58,642 DEBUG (BaseJdbcLogger.java:159)- ==>  Preparing: select xfz.id,? fltmglid, IFNULL(xfz.tmxxid,tx.id) tmxxid,IFNULL(xfz.xxfz,0) xxfz,tx.xxnr from qyjx_khwj_fltmgl ftg INNER JOIN qyjx_khwj_tmxx tx on tx.tmid =ftg.tmid LEFT JOIN qyjx_khwj_xxfsz xfz on xfz.fltmglid = ftg.id and xfz.tmxxid=tx.id where ftg.id=? ORDER BY tx.xxsx asc 
2021-05-10 17:08:58,642 DEBUG (BaseJdbcLogger.java:159)- ==>  Preparing: select id,fltmglid,sfgsmc,sfgsbm,xh,fdksz,fdksjsf,fdjsz,fdjsjsf,dfz from qyjx_khwj_pfgs WHERE fltmglid=? order by xh asc 
2021-05-10 17:08:58,645 DEBUG (BaseJdbcLogger.java:159)- ==> Parameters: 1089(Integer), 1089(Integer)
2021-05-10 17:08:58,645 DEBUG (BaseJdbcLogger.java:159)- ==> Parameters: 1089(Integer)
2021-05-10 17:08:58,661 DEBUG (BaseJdbcLogger.java:159)- <==      Total: 0
2021-05-10 17:08:58,661 DEBUG (BaseJdbcLogger.java:159)- <==      Total: 0
2021-05-10 17:09:01,002 DEBUG (BaseJdbcLogger.java:159)- ==>  Preparing: select xfz.id,? fltmglid, IFNULL(xfz.tmxxid,tx.id) tmxxid,IFNULL(xfz.xxfz,0) xxfz,tx.xxnr from qyjx_khwj_fltmgl ftg INNER JOIN qyjx_khwj_tmxx tx on tx.tmid =ftg.tmid LEFT JOIN qyjx_khwj_xxfsz xfz on xfz.fltmglid = ftg.id and xfz.tmxxid=tx.id where ftg.id=? ORDER BY tx.xxsx asc 
2021-05-10 17:09:01,002 DEBUG (BaseJdbcLogger.java:159)- ==> Parameters: 1085(Integer), 1085(Integer)
2021-05-10 17:09:01,004 DEBUG (BaseJdbcLogger.java:159)- ==>  Preparing: select id,fltmglid,sfgsmc,sfgsbm,xh,fdksz,fdksjsf,fdjsz,fdjsjsf,dfz from qyjx_khwj_pfgs WHERE fltmglid=? order by xh asc 
2021-05-10 17:09:01,004 DEBUG (BaseJdbcLogger.java:159)- ==> Parameters: 1085(Integer)
2021-05-10 17:09:01,016 DEBUG (BaseJdbcLogger.java:159)- <==      Total: 0
2021-05-10 17:09:01,030 DEBUG (BaseJdbcLogger.java:159)- <==      Total: 1
2021-05-10 17:09:07,381 DEBUG (BaseJdbcLogger.java:159)- ==>  Preparing: select xfz.id,? fltmglid, IFNULL(xfz.tmxxid,tx.id) tmxxid,IFNULL(xfz.xxfz,0) xxfz,tx.xxnr from qyjx_khwj_fltmgl ftg INNER JOIN qyjx_khwj_tmxx tx on tx.tmid =ftg.tmid LEFT JOIN qyjx_khwj_xxfsz xfz on xfz.fltmglid = ftg.id and xfz.tmxxid=tx.id where ftg.id=? ORDER BY tx.xxsx asc 
2021-05-10 17:09:07,382 DEBUG (BaseJdbcLogger.java:159)- ==>  Preparing: select id,fltmglid,sfgsmc,sfgsbm,xh,fdksz,fdksjsf,fdjsz,fdjsjsf,dfz from qyjx_khwj_pfgs WHERE fltmglid=? order by xh asc 
2021-05-10 17:09:07,382 DEBUG (BaseJdbcLogger.java:159)- ==> Parameters: 1085(Integer), 1085(Integer)
2021-05-10 17:09:07,385 DEBUG (BaseJdbcLogger.java:159)- ==> Parameters: 1085(Integer)
2021-05-10 17:09:07,416 DEBUG (BaseJdbcLogger.java:159)- <==      Total: 1
2021-05-10 17:09:07,418 DEBUG (BaseJdbcLogger.java:159)- <==      Total: 0
2021-05-10 17:09:08,637 DEBUG (BaseJdbcLogger.java:159)- ==>  Preparing: select xfz.id,? fltmglid, IFNULL(xfz.tmxxid,tx.id) tmxxid,IFNULL(xfz.xxfz,0) xxfz,tx.xxnr from qyjx_khwj_fltmgl ftg INNER JOIN qyjx_khwj_tmxx tx on tx.tmid =ftg.tmid LEFT JOIN qyjx_khwj_xxfsz xfz on xfz.fltmglid = ftg.id and xfz.tmxxid=tx.id where ftg.id=? ORDER BY tx.xxsx asc 
2021-05-10 17:09:08,639 DEBUG (BaseJdbcLogger.java:159)- ==>  Preparing: select id,fltmglid,sfgsmc,sfgsbm,xh,fdksz,fdksjsf,fdjsz,fdjsjsf,dfz from qyjx_khwj_pfgs WHERE fltmglid=? order by xh asc 
2021-05-10 17:09:08,639 DEBUG (BaseJdbcLogger.java:159)- ==> Parameters: 1085(Integer), 1085(Integer)
2021-05-10 17:09:08,640 DEBUG (BaseJdbcLogger.java:159)- ==> Parameters: 1085(Integer)
2021-05-10 17:09:08,658 DEBUG (BaseJdbcLogger.java:159)- <==      Total: 0
2021-05-10 17:09:08,658 DEBUG (BaseJdbcLogger.java:159)- <==      Total: 1
2021-05-10 17:09:35,715 DEBUG (BaseJdbcLogger.java:159)- ==>  Preparing: select xfz.id,? fltmglid, IFNULL(xfz.tmxxid,tx.id) tmxxid,IFNULL(xfz.xxfz,0) xxfz,tx.xxnr from qyjx_khwj_fltmgl ftg INNER JOIN qyjx_khwj_tmxx tx on tx.tmid =ftg.tmid LEFT JOIN qyjx_khwj_xxfsz xfz on xfz.fltmglid = ftg.id and xfz.tmxxid=tx.id where ftg.id=? ORDER BY tx.xxsx asc 
2021-05-10 17:09:35,716 DEBUG (BaseJdbcLogger.java:159)- ==> Parameters: 1085(Integer), 1085(Integer)
2021-05-10 17:09:35,718 DEBUG (BaseJdbcLogger.java:159)- ==>  Preparing: select id,fltmglid,sfgsmc,sfgsbm,xh,fdksz,fdksjsf,fdjsz,fdjsjsf,dfz from qyjx_khwj_pfgs WHERE fltmglid=? order by xh asc 
2021-05-10 17:09:35,719 DEBUG (BaseJdbcLogger.java:159)- ==> Parameters: 1085(Integer)
2021-05-10 17:09:35,731 DEBUG (BaseJdbcLogger.java:159)- <==      Total: 0
2021-05-10 17:09:35,732 DEBUG (BaseJdbcLogger.java:159)- <==      Total: 1
2021-05-10 17:09:53,993 ERROR (GlobalExceptionHandler.java:34)- 业务异常信息：
org.springframework.web.HttpRequestMethodNotSupportedException: Request method 'GET' not supported
	at org.springframework.web.servlet.mvc.method.RequestMappingInfoHandlerMapping.handleNoMatch(RequestMappingInfoHandlerMapping.java:200)
	at org.springframework.web.servlet.handler.AbstractHandlerMethodMapping.lookupHandlerMethod(AbstractHandlerMethodMapping.java:419)
	at org.springframework.web.servlet.handler.AbstractHandlerMethodMapping.getHandlerInternal(AbstractHandlerMethodMapping.java:365)
	at org.springframework.web.servlet.handler.AbstractHandlerMethodMapping.getHandlerInternal(AbstractHandlerMethodMapping.java:65)
	at org.springframework.web.servlet.handler.AbstractHandlerMapping.getHandler(AbstractHandlerMapping.java:401)
	at org.springframework.web.servlet.DispatcherServlet.getHandler(DispatcherServlet.java:1231)
	at org.springframework.web.servlet.DispatcherServlet.doDispatch(DispatcherServlet.java:1014)
	at org.springframework.web.servlet.DispatcherServlet.doService(DispatcherServlet.java:942)
	at org.springframework.web.servlet.FrameworkServlet.processRequest(FrameworkServlet.java:1005)
	at org.springframework.web.servlet.FrameworkServlet.doGet(FrameworkServlet.java:897)
	at javax.servlet.http.HttpServlet.service(HttpServlet.java:634)
	at org.springframework.web.servlet.FrameworkServlet.service(FrameworkServlet.java:882)
	at javax.servlet.http.HttpServlet.service(HttpServlet.java:741)
	at org.apache.catalina.core.ApplicationFilterChain.internalDoFilter(ApplicationFilterChain.java:231)
	at org.apache.catalina.core.ApplicationFilterChain.doFilter(ApplicationFilterChain.java:166)
	at org.apache.tomcat.websocket.server.WsFilter.doFilter(WsFilter.java:53)
	at org.apache.catalina.core.ApplicationFilterChain.internalDoFilter(ApplicationFilterChain.java:193)
	at org.apache.catalina.core.ApplicationFilterChain.doFilter(ApplicationFilterChain.java:166)
	at org.springframework.web.filter.CorsFilter.doFilterInternal(CorsFilter.java:96)
	at org.springframework.web.filter.OncePerRequestFilter.doFilter(OncePerRequestFilter.java:107)
	at org.apache.catalina.core.ApplicationFilterChain.internalDoFilter(ApplicationFilterChain.java:193)
	at org.apache.catalina.core.ApplicationFilterChain.doFilter(ApplicationFilterChain.java:166)
	at org.apache.shiro.web.servlet.ProxiedFilterChain.doFilter(ProxiedFilterChain.java:61)
	at org.apache.shiro.web.servlet.AdviceFilter.executeChain(AdviceFilter.java:108)
	at org.apache.shiro.web.servlet.AdviceFilter.doFilterInternal(AdviceFilter.java:137)
	at org.apache.shiro.web.servlet.OncePerRequestFilter.doFilter(OncePerRequestFilter.java:125)
	at org.apache.shiro.web.servlet.ProxiedFilterChain.doFilter(ProxiedFilterChain.java:66)
	at org.apache.shiro.web.servlet.AbstractShiroFilter.executeChain(AbstractShiroFilter.java:449)
	at org.apache.shiro.web.servlet.AbstractShiroFilter$1.call(AbstractShiroFilter.java:365)
	at org.apache.shiro.subject.support.SubjectCallable.doCall(SubjectCallable.java:90)
	at org.apache.shiro.subject.support.SubjectCallable.call(SubjectCallable.java:83)
	at org.apache.shiro.subject.support.DelegatingSubject.execute(DelegatingSubject.java:387)
	at org.apache.shiro.web.servlet.AbstractShiroFilter.doFilterInternal(AbstractShiroFilter.java:362)
	at org.apache.shiro.web.servlet.OncePerRequestFilter.doFilter(OncePerRequestFilter.java:125)
	at org.apache.catalina.core.ApplicationFilterChain.internalDoFilter(ApplicationFilterChain.java:193)
	at org.apache.catalina.core.ApplicationFilterChain.doFilter(ApplicationFilterChain.java:166)
	at org.springframework.boot.actuate.web.trace.servlet.HttpTraceFilter.doFilterInternal(HttpTraceFilter.java:88)
	at org.springframework.web.filter.OncePerRequestFilter.doFilter(OncePerRequestFilter.java:107)
	at org.apache.catalina.core.ApplicationFilterChain.internalDoFilter(ApplicationFilterChain.java:193)
	at org.apache.catalina.core.ApplicationFilterChain.doFilter(ApplicationFilterChain.java:166)
	at com.winning.boot.xss.filter.XssFilter.doFilter(XssFilter.java:42)
	at org.apache.catalina.core.ApplicationFilterChain.internalDoFilter(ApplicationFilterChain.java:193)
	at org.apache.catalina.core.ApplicationFilterChain.doFilter(ApplicationFilterChain.java:166)
	at org.springframework.web.filter.RequestContextFilter.doFilterInternal(RequestContextFilter.java:99)
	at org.springframework.web.filter.OncePerRequestFilter.doFilter(OncePerRequestFilter.java:107)
	at org.apache.catalina.core.ApplicationFilterChain.internalDoFilter(ApplicationFilterChain.java:193)
	at org.apache.catalina.core.ApplicationFilterChain.doFilter(ApplicationFilterChain.java:166)
	at org.springframework.web.filter.FormContentFilter.doFilterInternal(FormContentFilter.java:92)
	at org.springframework.web.filter.OncePerRequestFilter.doFilter(OncePerRequestFilter.java:107)
	at org.apache.catalina.core.ApplicationFilterChain.internalDoFilter(ApplicationFilterChain.java:193)
	at org.apache.catalina.core.ApplicationFilterChain.doFilter(ApplicationFilterChain.java:166)
	at org.springframework.web.filter.HiddenHttpMethodFilter.doFilterInternal(HiddenHttpMethodFilter.java:93)
	at org.springframework.web.filter.OncePerRequestFilter.doFilter(OncePerRequestFilter.java:107)
	at org.apache.catalina.core.ApplicationFilterChain.internalDoFilter(ApplicationFilterChain.java:193)
	at org.apache.catalina.core.ApplicationFilterChain.doFilter(ApplicationFilterChain.java:166)
	at org.springframework.boot.actuate.metrics.web.servlet.WebMvcMetricsFilter.filterAndRecordMetrics(WebMvcMetricsFilter.java:114)
	at org.springframework.boot.actuate.metrics.web.servlet.WebMvcMetricsFilter.doFilterInternal(WebMvcMetricsFilter.java:104)
	at org.springframework.web.filter.OncePerRequestFilter.doFilter(OncePerRequestFilter.java:107)
	at org.apache.catalina.core.ApplicationFilterChain.internalDoFilter(ApplicationFilterChain.java:193)
	at org.apache.catalina.core.ApplicationFilterChain.doFilter(ApplicationFilterChain.java:166)
	at org.springframework.web.filter.CharacterEncodingFilter.doFilterInternal(CharacterEncodingFilter.java:200)
	at org.springframework.web.filter.OncePerRequestFilter.doFilter(OncePerRequestFilter.java:107)
	at org.apache.catalina.core.ApplicationFilterChain.internalDoFilter(ApplicationFilterChain.java:193)
	at org.apache.catalina.core.ApplicationFilterChain.doFilter(ApplicationFilterChain.java:166)
	at org.apache.catalina.core.StandardWrapperValve.invoke(StandardWrapperValve.java:202)
	at org.apache.catalina.core.StandardContextValve.invoke(StandardContextValve.java:96)
	at org.apache.catalina.authenticator.AuthenticatorBase.invoke(AuthenticatorBase.java:541)
	at org.apache.catalina.core.StandardHostValve.invoke(StandardHostValve.java:139)
	at org.apache.catalina.valves.ErrorReportValve.invoke(ErrorReportValve.java:92)
	at org.apache.catalina.core.StandardEngineValve.invoke(StandardEngineValve.java:74)
	at org.apache.catalina.connector.CoyoteAdapter.service(CoyoteAdapter.java:343)
	at org.apache.coyote.http11.Http11Processor.service(Http11Processor.java:367)
	at org.apache.coyote.AbstractProcessorLight.process(AbstractProcessorLight.java:65)
	at org.apache.coyote.AbstractProtocol$ConnectionHandler.process(AbstractProtocol.java:860)
	at org.apache.tomcat.util.net.NioEndpoint$SocketProcessor.doRun(NioEndpoint.java:1598)
	at org.apache.tomcat.util.net.SocketProcessorBase.run(SocketProcessorBase.java:49)
	at java.util.concurrent.ThreadPoolExecutor.runWorker(ThreadPoolExecutor.java:1142)
	at java.util.concurrent.ThreadPoolExecutor$Worker.run(ThreadPoolExecutor.java:617)
	at org.apache.tomcat.util.threads.TaskThread$WrappingRunnable.run(TaskThread.java:61)
	at java.lang.Thread.run(Thread.java:745)
2021-05-10 17:12:35,232 DEBUG (BaseJdbcLogger.java:159)- ==>  Preparing: select xfz.id,? fltmglid, IFNULL(xfz.tmxxid,tx.id) tmxxid,IFNULL(xfz.xxfz,0) xxfz,tx.xxnr from qyjx_khwj_fltmgl ftg INNER JOIN qyjx_khwj_tmxx tx on tx.tmid =ftg.tmid LEFT JOIN qyjx_khwj_xxfsz xfz on xfz.fltmglid = ftg.id and xfz.tmxxid=tx.id where ftg.id=? ORDER BY tx.xxsx asc 
2021-05-10 17:12:35,234 DEBUG (BaseJdbcLogger.java:159)- ==> Parameters: 1085(Integer), 1085(Integer)
2021-05-10 17:12:35,238 DEBUG (BaseJdbcLogger.java:159)- ==>  Preparing: select id,fltmglid,sfgsmc,sfgsbm,xh,fdksz,fdksjsf,fdjsz,fdjsjsf,dfz from qyjx_khwj_pfgs WHERE fltmglid=? order by xh asc 
2021-05-10 17:12:35,239 DEBUG (BaseJdbcLogger.java:159)- ==> Parameters: 1085(Integer)
2021-05-10 17:12:35,248 DEBUG (BaseJdbcLogger.java:159)- <==      Total: 0
2021-05-10 17:12:35,255 DEBUG (BaseJdbcLogger.java:159)- <==      Total: 1
2021-05-10 17:16:50,272 DEBUG (BaseJdbcLogger.java:159)- ==>  Preparing: SELECT count(0) FROM qyjx_khwj_mbfl fl, qyjx_khwj_fltmgl ftg, qyjx_khwj_tm tm WHERE fl.id = ftg.mbflid AND ftg.tmid = tm.id AND fl.mbid = ? 
2021-05-10 17:16:50,273 DEBUG (BaseJdbcLogger.java:159)- ==> Parameters: 183(Integer)
2021-05-10 17:16:50,289 DEBUG (BaseJdbcLogger.java:159)- <==      Total: 1
2021-05-10 17:16:50,291 DEBUG (BaseJdbcLogger.java:159)- ==>  Preparing: select ftg.id,ftg.mbflid,ftg.tmid,ftg.tmsx,ftg.tmdaly,ftg.tmdagsmc,ftg.tmdagsbm,ftg.tkzsfwdf,ftg.tmsffs,ftg.tmsffffl,ftg.tmsfbdsms,tm.tmbm,tm.tmmc,tm.tmlx,fl.mbflmc from qyjx_khwj_mbfl fl,qyjx_khwj_fltmgl ftg,qyjx_khwj_tm tm WHERE fl.id=ftg.mbflid and ftg.tmid=tm.id and fl.mbid = ? order by fl.mbflsx asc,ftg.tmsx asc LIMIT ? 
2021-05-10 17:16:50,292 DEBUG (BaseJdbcLogger.java:159)- ==> Parameters: 183(Integer), 20(Integer)
2021-05-10 17:16:50,310 DEBUG (BaseJdbcLogger.java:159)- <==      Total: 4
2021-05-10 17:16:53,833 DEBUG (BaseJdbcLogger.java:159)- ==>  Preparing: select id,fltmglid,sfgsmc,sfgsbm,xh,fdksz,fdksjsf,fdjsz,fdjsjsf,dfz from qyjx_khwj_pfgs WHERE fltmglid=? order by xh asc 
2021-05-10 17:16:53,834 DEBUG (BaseJdbcLogger.java:159)- ==> Parameters: 1085(Integer)
2021-05-10 17:16:53,860 DEBUG (BaseJdbcLogger.java:159)- ==>  Preparing: select xfz.id,? fltmglid, IFNULL(xfz.tmxxid,tx.id) tmxxid,IFNULL(xfz.xxfz,0) xxfz,tx.xxnr from qyjx_khwj_fltmgl ftg INNER JOIN qyjx_khwj_tmxx tx on tx.tmid =ftg.tmid LEFT JOIN qyjx_khwj_xxfsz xfz on xfz.fltmglid = ftg.id and xfz.tmxxid=tx.id where ftg.id=? ORDER BY tx.xxsx asc 
2021-05-10 17:16:53,861 DEBUG (BaseJdbcLogger.java:159)- ==> Parameters: 1085(Integer), 1085(Integer)
2021-05-10 17:16:53,867 DEBUG (BaseJdbcLogger.java:159)- <==      Total: 1
2021-05-10 17:16:53,876 DEBUG (BaseJdbcLogger.java:159)- <==      Total: 0
2021-05-10 17:17:11,533 DEBUG (BaseJdbcLogger.java:159)- ==>  Preparing: select id,fltmglid,sfgsmc,sfgsbm,xh,fdksz,fdksjsf,fdjsz,fdjsjsf,dfz from qyjx_khwj_pfgs WHERE fltmglid=? order by xh asc 
2021-05-10 17:17:11,533 DEBUG (BaseJdbcLogger.java:159)- ==>  Preparing: select xfz.id,? fltmglid, IFNULL(xfz.tmxxid,tx.id) tmxxid,IFNULL(xfz.xxfz,0) xxfz,tx.xxnr from qyjx_khwj_fltmgl ftg INNER JOIN qyjx_khwj_tmxx tx on tx.tmid =ftg.tmid LEFT JOIN qyjx_khwj_xxfsz xfz on xfz.fltmglid = ftg.id and xfz.tmxxid=tx.id where ftg.id=? ORDER BY tx.xxsx asc 
2021-05-10 17:17:11,533 DEBUG (BaseJdbcLogger.java:159)- ==> Parameters: 1085(Integer)
2021-05-10 17:17:11,533 DEBUG (BaseJdbcLogger.java:159)- ==> Parameters: 1085(Integer), 1085(Integer)
2021-05-10 17:17:11,548 DEBUG (BaseJdbcLogger.java:159)- <==      Total: 1
2021-05-10 17:17:11,549 DEBUG (BaseJdbcLogger.java:159)- <==      Total: 0
2021-05-10 17:17:39,813 DEBUG (BaseJdbcLogger.java:159)- ==>  Preparing: SELECT count(0) FROM qyjx_khwj_mb WHERE mbslid IS NULL AND zt = ? 
2021-05-10 17:17:39,813 DEBUG (BaseJdbcLogger.java:159)- ==> Parameters: 1(String)
2021-05-10 17:17:39,819 DEBUG (BaseJdbcLogger.java:159)- ==>  Preparing: DELETE gs from qyjx_khwj_pfgs gs where gs.fltmglid=? 
2021-05-10 17:17:39,820 DEBUG (BaseJdbcLogger.java:159)- ==> Parameters: 1085(Integer)
2021-05-10 17:17:39,828 DEBUG (BaseJdbcLogger.java:159)- <==      Total: 1
2021-05-10 17:17:39,828 DEBUG (BaseJdbcLogger.java:159)- ==>  Preparing: SELECT r.id,r.rysfz,r.ryxm,r.rygh,r.xb,r.sjhm,r.dzyx,r.xzdz,r.ryzc, r.ryzw,r.whcd,r.dlmm,r.jgbm,r.jlzt,r.czr,r.czsj,r.tbbz,r.sffzr, r.gwxs,r.sfzb,r.sflh,T1.ksbm from SYS_CZRY r LEFT JOIN sys_zcjg j on r.jgbm = j.jgbm LEFT JOIN ( SELECT GROUP_CONCAT( jg.jgbm ) AS ksbm,ryid FROM sys_ryjg ks inner join sys_zcjg jg on ks.jgid=jg.id GROUP BY ks.ryid ) T1 on T1.ryid=r.id where r.rygh=? LIMIT 1 
2021-05-10 17:17:39,829 DEBUG (BaseJdbcLogger.java:159)- ==> Parameters: admin(String)
2021-05-10 17:17:39,830 DEBUG (BaseJdbcLogger.java:159)- ==>  Preparing: select id,mbbh,mbmc,mbfbt,mbxsfs,mblx,mbfj,cjr,cjsj,gxr,gxsj,zt from qyjx_khwj_mb WHERE mbslid is null AND zt = ? LIMIT ? 
2021-05-10 17:17:39,830 DEBUG (BaseJdbcLogger.java:159)- ==> Parameters: 1(String), 20(Integer)
2021-05-10 17:17:39,844 DEBUG (BaseJdbcLogger.java:159)- <==    Updates: 1
2021-05-10 17:17:39,886 DEBUG (BaseJdbcLogger.java:159)- <==      Total: 11
2021-05-10 17:17:39,886 DEBUG (BaseJdbcLogger.java:159)- <==      Total: 1
2021-05-10 17:17:40,480 DEBUG (BaseJdbcLogger.java:159)- ==>  Preparing: insert into qyjx_khwj_pfgs(fltmglid,sfgsmc,sfgsbm,xh,fdksz,fdksjsf,fdjsz,fdjsjsf,dfz) values (?,?,?,?,?,?,?,?,?) , (?,?,?,?,?,?,?,?,?) 
2021-05-10 17:17:40,485 DEBUG (BaseJdbcLogger.java:159)- ==> Parameters: 1085(Integer), null, null, 1(Integer), 0(BigDecimal), GTEQ(String), 1(BigDecimal), LT(String), 1(BigDecimal), 1085(Integer), null, null, 2(Integer), 0(BigDecimal), GTEQ(String), 22(BigDecimal), LT(String), 222(BigDecimal)
2021-05-10 17:17:40,490 DEBUG (BaseJdbcLogger.java:159)- ==>  Preparing: SELECT count(0) FROM qyjx_khwj_mb WHERE mbslid IS NULL AND zt = ? 
2021-05-10 17:17:40,491 DEBUG (BaseJdbcLogger.java:159)- ==> Parameters: 1(String)
2021-05-10 17:17:40,506 DEBUG (BaseJdbcLogger.java:159)- <==      Total: 1
2021-05-10 17:17:40,506 DEBUG (BaseJdbcLogger.java:159)- ==>  Preparing: select id,mbbh,mbmc,mbfbt,mbxsfs,mblx,mbfj,cjr,cjsj,gxr,gxsj,zt from qyjx_khwj_mb WHERE mbslid is null AND zt = ? LIMIT ? 
2021-05-10 17:17:40,507 DEBUG (BaseJdbcLogger.java:159)- ==> Parameters: 1(String), 20(Integer)
2021-05-10 17:17:40,514 DEBUG (BaseJdbcLogger.java:159)- <==    Updates: 2
2021-05-10 17:17:40,571 DEBUG (BaseJdbcLogger.java:159)- <==      Total: 11
2021-05-10 17:17:43,082 DEBUG (BaseJdbcLogger.java:159)- ==>  Preparing: select id,fltmglid,sfgsmc,sfgsbm,xh,fdksz,fdksjsf,fdjsz,fdjsjsf,dfz from qyjx_khwj_pfgs WHERE fltmglid=? order by xh asc 
2021-05-10 17:17:43,082 DEBUG (BaseJdbcLogger.java:159)- ==> Parameters: 1085(Integer)
2021-05-10 17:17:43,095 DEBUG (BaseJdbcLogger.java:159)- <==      Total: 2
2021-05-10 17:17:50,742 DEBUG (BaseJdbcLogger.java:159)- ==>  Preparing: SELECT count(0) FROM qyjx_khwj_mbfl fl, qyjx_khwj_fltmgl ftg, qyjx_khwj_tm tm WHERE fl.id = ftg.mbflid AND ftg.tmid = tm.id AND fl.mbid = ? 
2021-05-10 17:17:50,743 DEBUG (BaseJdbcLogger.java:159)- ==> Parameters: 0(Integer)
2021-05-10 17:17:50,760 DEBUG (BaseJdbcLogger.java:159)- ==>  Preparing: SELECT count(0) FROM qyjx_khwj_mbfl fl, qyjx_khwj_fltmgl ftg, qyjx_khwj_tm tm WHERE fl.id = ftg.mbflid AND ftg.tmid = tm.id AND fl.mbid = ? 
2021-05-10 17:17:50,760 DEBUG (BaseJdbcLogger.java:159)- ==> Parameters: 183(Integer)
2021-05-10 17:17:50,761 DEBUG (BaseJdbcLogger.java:159)- <==      Total: 1
2021-05-10 17:17:50,781 DEBUG (BaseJdbcLogger.java:159)- <==      Total: 1
2021-05-10 17:17:50,782 DEBUG (BaseJdbcLogger.java:159)- ==>  Preparing: select ftg.id,ftg.mbflid,ftg.tmid,ftg.tmsx,ftg.tmdaly,ftg.tmdagsmc,ftg.tmdagsbm,ftg.tkzsfwdf,ftg.tmsffs,ftg.tmsffffl,ftg.tmsfbdsms,tm.tmbm,tm.tmmc,tm.tmlx,fl.mbflmc from qyjx_khwj_mbfl fl,qyjx_khwj_fltmgl ftg,qyjx_khwj_tm tm WHERE fl.id=ftg.mbflid and ftg.tmid=tm.id and fl.mbid = ? order by fl.mbflsx asc,ftg.tmsx asc LIMIT ? 
2021-05-10 17:17:50,783 DEBUG (BaseJdbcLogger.java:159)- ==> Parameters: 183(Integer), 20(Integer)
2021-05-10 17:17:50,804 DEBUG (BaseJdbcLogger.java:159)- <==      Total: 4
2021-05-10 17:17:51,955 DEBUG (BaseJdbcLogger.java:159)- ==>  Preparing: select xfz.id,? fltmglid, IFNULL(xfz.tmxxid,tx.id) tmxxid,IFNULL(xfz.xxfz,0) xxfz,tx.xxnr from qyjx_khwj_fltmgl ftg INNER JOIN qyjx_khwj_tmxx tx on tx.tmid =ftg.tmid LEFT JOIN qyjx_khwj_xxfsz xfz on xfz.fltmglid = ftg.id and xfz.tmxxid=tx.id where ftg.id=? ORDER BY tx.xxsx asc 
2021-05-10 17:17:51,956 DEBUG (BaseJdbcLogger.java:159)- ==>  Preparing: select id,fltmglid,sfgsmc,sfgsbm,xh,fdksz,fdksjsf,fdjsz,fdjsjsf,dfz from qyjx_khwj_pfgs WHERE fltmglid=? order by xh asc 
2021-05-10 17:17:51,956 DEBUG (BaseJdbcLogger.java:159)- ==> Parameters: 1085(Integer)
2021-05-10 17:17:51,956 DEBUG (BaseJdbcLogger.java:159)- ==> Parameters: 1085(Integer), 1085(Integer)
2021-05-10 17:17:51,969 DEBUG (BaseJdbcLogger.java:159)- <==      Total: 2
2021-05-10 17:17:51,969 DEBUG (BaseJdbcLogger.java:159)- <==      Total: 0
2021-05-10 17:18:22,309 DEBUG (BaseJdbcLogger.java:159)- ==>  Preparing: select id,fltmglid,sfgsmc,sfgsbm,xh,fdksz,fdksjsf,fdjsz,fdjsjsf,dfz from qyjx_khwj_pfgs WHERE fltmglid=? order by xh asc 
2021-05-10 17:18:22,309 DEBUG (BaseJdbcLogger.java:159)- ==>  Preparing: select xfz.id,? fltmglid, IFNULL(xfz.tmxxid,tx.id) tmxxid,IFNULL(xfz.xxfz,0) xxfz,tx.xxnr from qyjx_khwj_fltmgl ftg INNER JOIN qyjx_khwj_tmxx tx on tx.tmid =ftg.tmid LEFT JOIN qyjx_khwj_xxfsz xfz on xfz.fltmglid = ftg.id and xfz.tmxxid=tx.id where ftg.id=? ORDER BY tx.xxsx asc 
2021-05-10 17:18:22,310 DEBUG (BaseJdbcLogger.java:159)- ==> Parameters: 1085(Integer), 1085(Integer)
2021-05-10 17:18:22,310 DEBUG (BaseJdbcLogger.java:159)- ==> Parameters: 1085(Integer)
2021-05-10 17:18:22,330 DEBUG (BaseJdbcLogger.java:159)- <==      Total: 0
2021-05-10 17:18:22,331 DEBUG (BaseJdbcLogger.java:159)- <==      Total: 2
2021-05-10 17:18:26,136 DEBUG (BaseJdbcLogger.java:159)- ==>  Preparing: DELETE gs from qyjx_khwj_pfgs gs where gs.fltmglid=? 
2021-05-10 17:18:26,137 DEBUG (BaseJdbcLogger.java:159)- ==> Parameters: 1085(Integer)
2021-05-10 17:18:26,203 DEBUG (BaseJdbcLogger.java:159)- <==    Updates: 2
2021-05-10 17:18:26,205 DEBUG (BaseJdbcLogger.java:159)- ==>  Preparing: insert into qyjx_khwj_pfgs(fltmglid,sfgsmc,sfgsbm,xh,fdksz,fdksjsf,fdjsz,fdjsjsf,dfz) values (?,?,?,?,?,?,?,?,?) , (?,?,?,?,?,?,?,?,?) 
2021-05-10 17:18:26,207 DEBUG (BaseJdbcLogger.java:159)- ==> Parameters: 1085(Integer), null, null, 1(Integer), 0(BigDecimal), GTEQ(String), 1(BigDecimal), LT(String), 1(BigDecimal), 1085(Integer), null, null, 2(Integer), 0(BigDecimal), GTEQ(String), 22(BigDecimal), LT(String), 222(BigDecimal)
2021-05-10 17:18:26,248 DEBUG (BaseJdbcLogger.java:159)- <==    Updates: 2
2021-05-10 17:18:26,249 DEBUG (BaseJdbcLogger.java:159)- ==>  Preparing: select id,fltmglid,sfgsmc,sfgsbm,xh,fdksz,fdksjsf,fdjsz,fdjsjsf,dfz from qyjx_khwj_pfgs WHERE fltmglid=? order by xh asc 
2021-05-10 17:18:26,249 DEBUG (BaseJdbcLogger.java:159)- ==> Parameters: 1085(Integer)
2021-05-10 17:18:26,276 DEBUG (BaseJdbcLogger.java:159)- <==      Total: 2
2021-05-10 17:18:26,352 DEBUG (BaseJdbcLogger.java:159)- ==>  Preparing: select xfz.id,? fltmglid, IFNULL(xfz.tmxxid,tx.id) tmxxid,IFNULL(xfz.xxfz,0) xxfz,tx.xxnr from qyjx_khwj_fltmgl ftg INNER JOIN qyjx_khwj_tmxx tx on tx.tmid =ftg.tmid LEFT JOIN qyjx_khwj_xxfsz xfz on xfz.fltmglid = ftg.id and xfz.tmxxid=tx.id where ftg.id=? ORDER BY tx.xxsx asc 
2021-05-10 17:18:26,352 DEBUG (BaseJdbcLogger.java:159)- ==> Parameters: 1085(Integer), 1085(Integer)
2021-05-10 17:18:26,353 DEBUG (BaseJdbcLogger.java:159)- ==>  Preparing: select id,fltmglid,sfgsmc,sfgsbm,xh,fdksz,fdksjsf,fdjsz,fdjsjsf,dfz from qyjx_khwj_pfgs WHERE fltmglid=? order by xh asc 
2021-05-10 17:18:26,353 DEBUG (BaseJdbcLogger.java:159)- ==> Parameters: 1085(Integer)
2021-05-10 17:18:26,366 DEBUG (BaseJdbcLogger.java:159)- <==      Total: 0
2021-05-10 17:18:26,367 DEBUG (BaseJdbcLogger.java:159)- <==      Total: 2
2021-05-10 17:18:26,371 DEBUG (BaseJdbcLogger.java:159)- ==>  Preparing: update qyjx_khwj_fltmgl gl set mbflid= ?,tmid= ?,tmsx= ?,tmdaly= ?,tmdagsmc= ?,tmdagsbm= ?,tkzsfwdf= ?,tmsffs= ?,tmsffffl= ?,tmsfbdsms= ? where id = ? 
2021-05-10 17:18:26,372 DEBUG (BaseJdbcLogger.java:159)- ==> Parameters: 339(Integer), 49(Integer), 1(Integer), 2(String),  {填空分子}+{填空分母}(String), ({20210429002})+({20210429003})(String), 1(String), 1(String), 2(String), wwww(String), 1085(Integer)
2021-05-10 17:18:26,396 DEBUG (BaseJdbcLogger.java:159)- <==    Updates: 1
2021-05-10 17:18:27,940 DEBUG (BaseJdbcLogger.java:159)- ==>  Preparing: select xfz.id,? fltmglid, IFNULL(xfz.tmxxid,tx.id) tmxxid,IFNULL(xfz.xxfz,0) xxfz,tx.xxnr from qyjx_khwj_fltmgl ftg INNER JOIN qyjx_khwj_tmxx tx on tx.tmid =ftg.tmid LEFT JOIN qyjx_khwj_xxfsz xfz on xfz.fltmglid = ftg.id and xfz.tmxxid=tx.id where ftg.id=? ORDER BY tx.xxsx asc 
2021-05-10 17:18:27,943 DEBUG (BaseJdbcLogger.java:159)- ==> Parameters: 1085(Integer), 1085(Integer)
2021-05-10 17:18:27,943 DEBUG (BaseJdbcLogger.java:159)- ==>  Preparing: select id,fltmglid,sfgsmc,sfgsbm,xh,fdksz,fdksjsf,fdjsz,fdjsjsf,dfz from qyjx_khwj_pfgs WHERE fltmglid=? order by xh asc 
2021-05-10 17:18:27,944 DEBUG (BaseJdbcLogger.java:159)- ==> Parameters: 1085(Integer)
2021-05-10 17:18:27,986 DEBUG (BaseJdbcLogger.java:159)- <==      Total: 0
2021-05-10 17:18:27,986 DEBUG (BaseJdbcLogger.java:159)- <==      Total: 2
2021-05-10 17:18:29,499 DEBUG (BaseJdbcLogger.java:159)- ==>  Preparing: select xfz.id,? fltmglid, IFNULL(xfz.tmxxid,tx.id) tmxxid,IFNULL(xfz.xxfz,0) xxfz,tx.xxnr from qyjx_khwj_fltmgl ftg INNER JOIN qyjx_khwj_tmxx tx on tx.tmid =ftg.tmid LEFT JOIN qyjx_khwj_xxfsz xfz on xfz.fltmglid = ftg.id and xfz.tmxxid=tx.id where ftg.id=? ORDER BY tx.xxsx asc 
2021-05-10 17:18:29,499 DEBUG (BaseJdbcLogger.java:159)- ==>  Preparing: select id,fltmglid,sfgsmc,sfgsbm,xh,fdksz,fdksjsf,fdjsz,fdjsjsf,dfz from qyjx_khwj_pfgs WHERE fltmglid=? order by xh asc 
2021-05-10 17:18:29,500 DEBUG (BaseJdbcLogger.java:159)- ==> Parameters: 1085(Integer), 1085(Integer)
2021-05-10 17:18:29,500 DEBUG (BaseJdbcLogger.java:159)- ==> Parameters: 1085(Integer)
2021-05-10 17:18:29,523 DEBUG (BaseJdbcLogger.java:159)- <==      Total: 0
2021-05-10 17:18:29,524 DEBUG (BaseJdbcLogger.java:159)- <==      Total: 2
